{"/home/travis/build/npmtest/node-npmtest-jsmediatags/test.js":{"path":"/home/travis/build/npmtest/node-npmtest-jsmediatags/test.js","s":{"1":2,"2":2,"3":2,"4":2,"5":2,"6":2,"7":2,"8":1,"9":2,"10":2,"11":1,"12":1,"13":1,"14":1,"15":2,"16":2,"17":2,"18":2,"19":1,"20":1,"21":2,"22":2,"23":2,"24":1,"25":1,"26":1,"27":1,"28":1,"29":1,"30":1,"31":1,"32":1,"33":1,"34":1,"35":1,"36":1,"37":1,"38":1,"39":2,"40":2,"41":1,"42":2,"43":2,"44":1,"45":2,"46":2,"47":1,"48":2,"49":2,"50":1,"51":1,"52":1,"53":1,"54":1},"b":{"1":[2,1,1,1],"2":[1,1,1,1],"3":[1,1],"4":[1,1],"5":[1,1],"6":[1,1],"7":[1,1],"8":[1,1],"9":[1,1],"10":[1,1,1],"11":[1,1],"12":[1,1],"13":[1,1],"14":[1,1],"15":[1,1],"16":[1,1],"17":[1,1]},"f":{"1":2,"2":2,"3":2,"4":2,"5":2,"6":1,"7":1,"8":1,"9":2,"10":2,"11":2,"12":2,"13":1},"fnMap":{"1":{"name":"(anonymous_1)","line":12,"loc":{"start":{"line":12,"column":1},"end":{"line":12,"column":13}}},"2":{"name":"(anonymous_2)","line":19,"loc":{"start":{"line":19,"column":5},"end":{"line":19,"column":17}}},"3":{"name":"(anonymous_3)","line":23,"loc":{"start":{"line":23,"column":24},"end":{"line":23,"column":36}}},"4":{"name":"(anonymous_4)","line":61,"loc":{"start":{"line":61,"column":5},"end":{"line":61,"column":17}}},"5":{"name":"(anonymous_5)","line":82,"loc":{"start":{"line":82,"column":5},"end":{"line":82,"column":17}}},"6":{"name":"(anonymous_6)","line":91,"loc":{"start":{"line":91,"column":77},"end":{"line":94,"column":10}}},"7":{"name":"(anonymous_7)","line":112,"loc":{"start":{"line":112,"column":83},"end":{"line":115,"column":10}},"skip":true},"8":{"name":"(anonymous_8)","line":123,"loc":{"start":{"line":123,"column":77},"end":{"line":126,"column":10}},"skip":true},"9":{"name":"(anonymous_9)","line":139,"loc":{"start":{"line":139,"column":12},"end":{"line":139,"column":40}},"skip":true},"10":{"name":"(anonymous_10)","line":147,"loc":{"start":{"line":147,"column":77},"end":{"line":150,"column":10}},"skip":true},"11":{"name":"(anonymous_11)","line":158,"loc":{"start":{"line":158,"column":83},"end":{"line":161,"column":10}},"skip":true},"12":{"name":"(anonymous_12)","line":169,"loc":{"start":{"line":169,"column":79},"end":{"line":172,"column":10}},"skip":true},"13":{"name":"(anonymous_13)","line":180,"loc":{"start":{"line":180,"column":75},"end":{"line":183,"column":10}},"skip":true}},"statementMap":{"1":{"start":{"line":12,"column":0},"end":{"line":195,"column":5}},"2":{"start":{"line":14,"column":4},"end":{"line":14,"column":14}},"3":{"start":{"line":19,"column":4},"end":{"line":56,"column":9}},"4":{"start":{"line":21,"column":8},"end":{"line":21,"column":19}},"5":{"start":{"line":23,"column":8},"end":{"line":35,"column":13}},"6":{"start":{"line":24,"column":12},"end":{"line":34,"column":13}},"7":{"start":{"line":25,"column":16},"end":{"line":28,"column":30}},"8":{"start":{"line":30,"column":16},"end":{"line":33,"column":27}},"9":{"start":{"line":37,"column":8},"end":{"line":39,"column":21}},"10":{"start":{"line":40,"column":8},"end":{"line":53,"column":9}},"11":{"start":{"line":43,"column":12},"end":{"line":46,"column":14}},"12":{"start":{"line":47,"column":12},"end":{"line":47,"column":18}},"13":{"start":{"line":50,"column":12},"end":{"line":51,"column":33}},"14":{"start":{"line":52,"column":12},"end":{"line":52,"column":18}},"15":{"start":{"line":55,"column":8},"end":{"line":55,"column":35}},"16":{"start":{"line":61,"column":4},"end":{"line":63,"column":9}},"17":{"start":{"line":62,"column":8},"end":{"line":62,"column":15}},"18":{"start":{"line":64,"column":4},"end":{"line":77,"column":5}},"19":{"start":{"line":70,"column":8},"end":{"line":70,"column":14}},"20":{"start":{"line":76,"column":8},"end":{"line":76,"column":14}},"21":{"start":{"line":82,"column":4},"end":{"line":84,"column":9}},"22":{"start":{"line":83,"column":8},"end":{"line":83,"column":15}},"23":{"start":{"line":85,"column":4},"end":{"line":194,"column":5}},"24":{"start":{"line":91,"column":8},"end":{"line":99,"column":10}},"25":{"start":{"line":98,"column":12},"end":{"line":98,"column":35}},"26":{"start":{"line":102,"column":8},"end":{"line":104,"column":63}},"27":{"start":{"line":105,"column":8},"end":{"line":105,"column":14}},"28":{"start":{"line":112,"column":8},"end":{"line":121,"column":10},"skip":true},"29":{"start":{"line":119,"column":12},"end":{"line":119,"column":55},"skip":true},"30":{"start":{"line":120,"column":12},"end":{"line":120,"column":48},"skip":true},"31":{"start":{"line":123,"column":8},"end":{"line":136,"column":10},"skip":true},"32":{"start":{"line":130,"column":12},"end":{"line":130,"column":76},"skip":true},"33":{"start":{"line":131,"column":12},"end":{"line":131,"column":73},"skip":true},"34":{"start":{"line":132,"column":12},"end":{"line":132,"column":74},"skip":true},"35":{"start":{"line":133,"column":12},"end":{"line":133,"column":79},"skip":true},"36":{"start":{"line":134,"column":12},"end":{"line":134,"column":25},"skip":true},"37":{"start":{"line":135,"column":12},"end":{"line":135,"column":45},"skip":true},"38":{"start":{"line":138,"column":8},"end":{"line":145,"column":14},"skip":true},"39":{"start":{"line":143,"column":16},"end":{"line":143,"column":29},"skip":true},"40":{"start":{"line":144,"column":16},"end":{"line":144,"column":55},"skip":true},"41":{"start":{"line":147,"column":8},"end":{"line":156,"column":10},"skip":true},"42":{"start":{"line":154,"column":12},"end":{"line":154,"column":25},"skip":true},"43":{"start":{"line":155,"column":12},"end":{"line":155,"column":45},"skip":true},"44":{"start":{"line":158,"column":8},"end":{"line":167,"column":10},"skip":true},"45":{"start":{"line":165,"column":12},"end":{"line":165,"column":25},"skip":true},"46":{"start":{"line":166,"column":12},"end":{"line":166,"column":48},"skip":true},"47":{"start":{"line":169,"column":8},"end":{"line":178,"column":10},"skip":true},"48":{"start":{"line":176,"column":12},"end":{"line":176,"column":25},"skip":true},"49":{"start":{"line":177,"column":12},"end":{"line":177,"column":46},"skip":true},"50":{"start":{"line":180,"column":8},"end":{"line":189,"column":10},"skip":true},"51":{"start":{"line":187,"column":12},"end":{"line":187,"column":94},"skip":true},"52":{"start":{"line":188,"column":12},"end":{"line":188,"column":48},"skip":true},"53":{"start":{"line":192,"column":8},"end":{"line":192,"column":35},"skip":true},"54":{"start":{"line":193,"column":8},"end":{"line":193,"column":14},"skip":true}},"branchMap":{"1":{"line":25,"type":"binary-expr","locations":[{"start":{"line":25,"column":23},"end":{"line":25,"column":62}},{"start":{"line":26,"column":20},"end":{"line":26,"column":70}},{"start":{"line":27,"column":20},"end":{"line":27,"column":71}},{"start":{"line":28,"column":20},"end":{"line":28,"column":29}}]},"2":{"line":30,"type":"binary-expr","locations":[{"start":{"line":30,"column":23},"end":{"line":30,"column":37}},{"start":{"line":31,"column":20},"end":{"line":31,"column":61}},{"start":{"line":32,"column":20},"end":{"line":32,"column":70}},{"start":{"line":33,"column":20},"end":{"line":33,"column":26}}]},"3":{"line":37,"type":"cond-expr","locations":[{"start":{"line":38,"column":14},"end":{"line":38,"column":20}},{"start":{"line":39,"column":14},"end":{"line":39,"column":20}}]},"4":{"line":40,"type":"switch","locations":[{"start":{"line":42,"column":8},"end":{"line":47,"column":18}},{"start":{"line":49,"column":8},"end":{"line":52,"column":18}}]},"5":{"line":44,"type":"binary-expr","locations":[{"start":{"line":44,"column":16},"end":{"line":44,"column":44}},{"start":{"line":44,"column":48},"end":{"line":44,"column":66}}]},"6":{"line":50,"type":"binary-expr","locations":[{"start":{"line":50,"column":21},"end":{"line":50,"column":49}},{"start":{"line":50,"column":53},"end":{"line":50,"column":72}}]},"7":{"line":64,"type":"switch","locations":[{"start":{"line":69,"column":4},"end":{"line":70,"column":14}},{"start":{"line":75,"column":4},"end":{"line":76,"column":14}}]},"8":{"line":85,"type":"switch","locations":[{"start":{"line":90,"column":4},"end":{"line":105,"column":14}},{"start":{"line":111,"column":4},"end":{"line":193,"column":14},"skip":true}]},"9":{"line":91,"type":"binary-expr","locations":[{"start":{"line":91,"column":42},"end":{"line":91,"column":73}},{"start":{"line":91,"column":77},"end":{"line":99,"column":9}}]},"10":{"line":102,"type":"binary-expr","locations":[{"start":{"line":102,"column":18},"end":{"line":102,"column":32}},{"start":{"line":103,"column":12},"end":{"line":103,"column":53}},{"start":{"line":104,"column":12},"end":{"line":104,"column":61}}]},"11":{"line":112,"type":"binary-expr","locations":[{"start":{"line":112,"column":45},"end":{"line":112,"column":79},"skip":true},{"start":{"line":112,"column":83},"end":{"line":121,"column":9},"skip":true}]},"12":{"line":123,"type":"binary-expr","locations":[{"start":{"line":123,"column":42},"end":{"line":123,"column":73},"skip":true},{"start":{"line":123,"column":77},"end":{"line":136,"column":9},"skip":true}]},"13":{"line":138,"type":"binary-expr","locations":[{"start":{"line":138,"column":48},"end":{"line":138,"column":85},"skip":true},{"start":{"line":139,"column":12},"end":{"line":145,"column":13},"skip":true}]},"14":{"line":147,"type":"binary-expr","locations":[{"start":{"line":147,"column":42},"end":{"line":147,"column":73},"skip":true},{"start":{"line":147,"column":77},"end":{"line":156,"column":9},"skip":true}]},"15":{"line":158,"type":"binary-expr","locations":[{"start":{"line":158,"column":45},"end":{"line":158,"column":79},"skip":true},{"start":{"line":158,"column":83},"end":{"line":167,"column":9},"skip":true}]},"16":{"line":169,"type":"binary-expr","locations":[{"start":{"line":169,"column":43},"end":{"line":169,"column":75},"skip":true},{"start":{"line":169,"column":79},"end":{"line":178,"column":9},"skip":true}]},"17":{"line":180,"type":"binary-expr","locations":[{"start":{"line":180,"column":41},"end":{"line":180,"column":71},"skip":true},{"start":{"line":180,"column":75},"end":{"line":189,"column":9},"skip":true}]}},"code":["/* istanbul instrument in package npmtest_jsmediatags */","/*jslint","    bitwise: true,","    browser: true,","    maxerr: 8,","    maxlen: 96,","    node: true,","    nomen: true,","    regexp: true,","    stupid: true","*/","(function () {","    'use strict';","    var local;","","","","    // run shared js-env code - pre-init","    (function () {","        // init local","        local = {};","        // init modeJs","        local.modeJs = (function () {","            try {","                return typeof navigator.userAgent === 'string' &&","                    typeof document.querySelector('body') === 'object' &&","                    typeof XMLHttpRequest.prototype.open === 'function' &&","                    'browser';","            } catch (errorCaughtBrowser) {","                return module.exports &&","                    typeof process.versions.node === 'string' &&","                    typeof require('http').createServer === 'function' &&","                    'node';","            }","        }());","        // init global","        local.global = local.modeJs === 'browser'","            ? window","            : global;","        switch (local.modeJs) {","        // re-init local from window.local","        case 'browser':","            local = local.global.utility2.objectSetDefault(","                local.global.utility2_rollup || local.global.local,","                local.global.utility2","            );","            break;","        // re-init local from example.js","        case 'node':","            local = (local.global.utility2_rollup || require('utility2'))","                .requireReadme();","            break;","        }","        // export local","        local.global.local = local;","    }());","","","","    // run shared js-env code - function","    (function () {","        return;","    }());","    switch (local.modeJs) {","","","","    // run browser js-env code - function","    case 'browser':","        break;","","","","    // run node js-env code - function","    case 'node':","        break;","    }","","","","    // run shared js-env code - post-init","    (function () {","        return;","    }());","    switch (local.modeJs) {","","","","    // run browser js-env code - post-init","    case 'browser':","        local.testCase_browser_nullCase = local.testCase_browser_nullCase || function (","            options,","            onError","        ) {","        /*","         * this function will test browsers's null-case handling-behavior-behavior","         */","            onError(null, options);","        };","","        // run tests","        local.nop(local.modeTest &&","            document.querySelector('#testRunButton1') &&","            document.querySelector('#testRunButton1').click());","        break;","","","","    // run node js-env code - post-init","    /* istanbul ignore next */","    case 'node':","        local.testCase_buildApidoc_default = local.testCase_buildApidoc_default || function (","            options,","            onError","        ) {","        /*","         * this function will test buildApidoc's default handling-behavior-behavior","         */","            options = { modulePathList: module.paths };","            local.buildApidoc(options, onError);","        };","","        local.testCase_buildApp_default = local.testCase_buildApp_default || function (","            options,","            onError","        ) {","        /*","         * this function will test buildApp's default handling-behavior-behavior","         */","            local.testCase_buildReadme_default(options, local.onErrorThrow);","            local.testCase_buildLib_default(options, local.onErrorThrow);","            local.testCase_buildTest_default(options, local.onErrorThrow);","            local.testCase_buildCustomOrg_default(options, local.onErrorThrow);","            options = [];","            local.buildApp(options, onError);","        };","","        local.testCase_buildCustomOrg_default = local.testCase_buildCustomOrg_default ||","            function (options, onError) {","            /*","             * this function will test buildCustomOrg's default handling-behavior","             */","                options = {};","                local.buildCustomOrg(options, onError);","            };","","        local.testCase_buildLib_default = local.testCase_buildLib_default || function (","            options,","            onError","        ) {","        /*","         * this function will test buildLib's default handling-behavior","         */","            options = {};","            local.buildLib(options, onError);","        };","","        local.testCase_buildReadme_default = local.testCase_buildReadme_default || function (","            options,","            onError","        ) {","        /*","         * this function will test buildReadme's default handling-behavior-behavior","         */","            options = {};","            local.buildReadme(options, onError);","        };","","        local.testCase_buildTest_default = local.testCase_buildTest_default || function (","            options,","            onError","        ) {","        /*","         * this function will test buildTest's default handling-behavior","         */","            options = {};","            local.buildTest(options, onError);","        };","","        local.testCase_webpage_default = local.testCase_webpage_default || function (","            options,","            onError","        ) {","        /*","         * this function will test webpage's default handling-behavior","         */","            options = { modeCoverageMerge: true, url: local.serverLocalHost + '?modeTest=1' };","            local.browserTest(options, onError);","        };","","        // run test-server","        local.testRunServer(local);","        break;","    }","}());",""],"l":{"12":2,"14":2,"19":2,"21":2,"23":2,"24":2,"25":2,"30":1,"37":2,"40":2,"43":1,"47":1,"50":1,"52":1,"55":2,"61":2,"62":2,"64":2,"70":1,"76":1,"82":2,"83":2,"85":2,"91":1,"98":1,"102":1,"105":1,"112":1,"119":1,"120":1,"123":1,"130":1,"131":1,"132":1,"133":1,"134":1,"135":1,"138":1,"143":2,"144":2,"147":1,"154":2,"155":2,"158":1,"165":2,"166":2,"169":1,"176":2,"177":2,"180":1,"187":1,"188":1,"192":1,"193":1}},"/home/travis/build/npmtest/node-npmtest-jsmediatags/lib.npmtest_jsmediatags.js":{"path":"/home/travis/build/npmtest/node-npmtest-jsmediatags/lib.npmtest_jsmediatags.js","s":{"1":2,"2":2,"3":2,"4":2,"5":2,"6":2,"7":2,"8":1,"9":2,"10":2,"11":2,"12":2,"13":1,"14":1,"15":1,"16":1},"b":{"1":[2,1,1,1],"2":[1,1,1,1],"3":[1,1],"4":[2,2],"5":[1,1]},"f":{"1":2,"2":2,"3":2},"fnMap":{"1":{"name":"(anonymous_1)","line":12,"loc":{"start":{"line":12,"column":1},"end":{"line":12,"column":13}}},"2":{"name":"(anonymous_2)","line":19,"loc":{"start":{"line":19,"column":5},"end":{"line":19,"column":17}}},"3":{"name":"(anonymous_3)","line":23,"loc":{"start":{"line":23,"column":24},"end":{"line":23,"column":36}}}},"statementMap":{"1":{"start":{"line":12,"column":0},"end":{"line":53,"column":5}},"2":{"start":{"line":14,"column":4},"end":{"line":14,"column":14}},"3":{"start":{"line":19,"column":4},"end":{"line":52,"column":9}},"4":{"start":{"line":21,"column":8},"end":{"line":21,"column":19}},"5":{"start":{"line":23,"column":8},"end":{"line":35,"column":13}},"6":{"start":{"line":24,"column":12},"end":{"line":34,"column":13}},"7":{"start":{"line":25,"column":16},"end":{"line":28,"column":30}},"8":{"start":{"line":30,"column":16},"end":{"line":33,"column":27}},"9":{"start":{"line":37,"column":8},"end":{"line":39,"column":21}},"10":{"start":{"line":41,"column":8},"end":{"line":41,"column":54}},"11":{"start":{"line":43,"column":8},"end":{"line":43,"column":56}},"12":{"start":{"line":45,"column":8},"end":{"line":51,"column":9}},"13":{"start":{"line":46,"column":12},"end":{"line":46,"column":62}},"14":{"start":{"line":48,"column":12},"end":{"line":48,"column":35}},"15":{"start":{"line":49,"column":12},"end":{"line":49,"column":49}},"16":{"start":{"line":50,"column":12},"end":{"line":50,"column":43}}},"branchMap":{"1":{"line":25,"type":"binary-expr","locations":[{"start":{"line":25,"column":23},"end":{"line":25,"column":62}},{"start":{"line":26,"column":20},"end":{"line":26,"column":70}},{"start":{"line":27,"column":20},"end":{"line":27,"column":71}},{"start":{"line":28,"column":20},"end":{"line":28,"column":29}}]},"2":{"line":30,"type":"binary-expr","locations":[{"start":{"line":30,"column":23},"end":{"line":30,"column":37}},{"start":{"line":31,"column":20},"end":{"line":31,"column":61}},{"start":{"line":32,"column":20},"end":{"line":32,"column":70}},{"start":{"line":33,"column":20},"end":{"line":33,"column":26}}]},"3":{"line":37,"type":"cond-expr","locations":[{"start":{"line":38,"column":14},"end":{"line":38,"column":20}},{"start":{"line":39,"column":14},"end":{"line":39,"column":20}}]},"4":{"line":41,"type":"binary-expr","locations":[{"start":{"line":41,"column":16},"end":{"line":41,"column":44}},{"start":{"line":41,"column":48},"end":{"line":41,"column":53}}]},"5":{"line":45,"type":"if","locations":[{"start":{"line":45,"column":8},"end":{"line":45,"column":8}},{"start":{"line":45,"column":8},"end":{"line":45,"column":8}}]}},"code":["/* istanbul instrument in package npmtest_jsmediatags */","/*jslint","    bitwise: true,","    browser: true,","    maxerr: 8,","    maxlen: 96,","    node: true,","    nomen: true,","    regexp: true,","    stupid: true","*/","(function () {","    'use strict';","    var local;","","","","    // run shared js-env code - pre-init","    (function () {","        // init local","        local = {};","        // init modeJs","        local.modeJs = (function () {","            try {","                return typeof navigator.userAgent === 'string' &&","                    typeof document.querySelector('body') === 'object' &&","                    typeof XMLHttpRequest.prototype.open === 'function' &&","                    'browser';","            } catch (errorCaughtBrowser) {","                return module.exports &&","                    typeof process.versions.node === 'string' &&","                    typeof require('http').createServer === 'function' &&","                    'node';","            }","        }());","        // init global","        local.global = local.modeJs === 'browser'","            ? window","            : global;","        // init utility2_rollup","        local = local.global.utility2_rollup || local;","        // init lib","        local.local = local.npmtest_jsmediatags = local;","        // init exports","        if (local.modeJs === 'browser') {","            local.global.utility2_npmtest_jsmediatags = local;","        } else {","            module.exports = local;","            module.exports.__dirname = __dirname;","            module.exports.module = module;","        }","    }());","}());",""],"l":{"12":2,"14":2,"19":2,"21":2,"23":2,"24":2,"25":2,"30":1,"37":2,"41":2,"43":2,"45":2,"46":1,"48":1,"49":1,"50":1}},"/home/travis/build/npmtest/node-npmtest-jsmediatags/example.js":{"path":"/home/travis/build/npmtest/node-npmtest-jsmediatags/example.js","s":{"1":2,"2":2,"3":2,"4":2,"5":2,"6":2,"7":2,"8":1,"9":2,"10":2,"11":2,"12":2,"13":1,"14":2,"15":2,"16":2,"17":2,"18":2,"19":0,"20":2,"21":1,"22":1,"23":1,"24":1,"25":1,"26":0,"27":0,"28":1,"29":1,"30":2,"31":0,"32":0,"33":0,"34":1,"35":2,"36":2,"37":3,"38":3,"39":3,"40":3,"41":0,"42":3,"43":3,"44":3,"45":1,"46":3,"47":1,"48":1,"49":1,"50":1,"51":1,"52":1,"53":1,"54":1,"55":1,"56":1,"57":0,"58":1,"59":6,"60":6,"61":1,"62":2,"63":0,"64":2,"65":1,"66":1,"67":0,"68":0,"69":0,"70":0,"71":0,"72":0,"73":0,"74":0,"75":0,"76":0,"77":0,"78":0,"79":0,"80":0,"81":0,"82":0,"83":0},"b":{"1":[2,1,1,1],"2":[1,1,1,1],"3":[1,1],"4":[2,2],"5":[1,1],"6":[1,1],"7":[2,0],"8":[2,1,1,1,1,1],"9":[0,2,0],"10":[1,1],"11":[2,1,1],"12":[1,0],"13":[0,2],"14":[2,0,0,0,0,0,0],"15":[0,3],"16":[3,0],"17":[1,1],"18":[0,1],"19":[1,2,0,2],"20":[1,0],"21":[1,1],"22":[0,0],"23":[0,0],"24":[0,0],"25":[0,0],"26":[0,0],"27":[0,0],"28":[0,0]},"f":{"1":2,"2":2,"3":2,"4":2,"5":2,"6":2,"7":3,"8":3,"9":3,"10":1,"11":6,"12":0},"fnMap":{"1":{"name":"(anonymous_1)","line":26,"loc":{"start":{"line":26,"column":1},"end":{"line":26,"column":13}}},"2":{"name":"(anonymous_2)","line":33,"loc":{"start":{"line":33,"column":5},"end":{"line":33,"column":17}}},"3":{"name":"(anonymous_3)","line":37,"loc":{"start":{"line":37,"column":24},"end":{"line":37,"column":36}}},"4":{"name":"(anonymous_4)","line":69,"loc":{"start":{"line":69,"column":31},"end":{"line":69,"column":48}},"skip":true},"5":{"name":"(anonymous_5)","line":78,"loc":{"start":{"line":78,"column":26},"end":{"line":78,"column":45}},"skip":true},"6":{"name":"(anonymous_6)","line":123,"loc":{"start":{"line":123,"column":33},"end":{"line":123,"column":48}},"skip":true},"7":{"name":"(anonymous_7)","line":125,"loc":{"start":{"line":125,"column":27},"end":{"line":125,"column":39}},"skip":true},"8":{"name":"(anonymous_8)","line":133,"loc":{"start":{"line":133,"column":59},"end":{"line":133,"column":74}},"skip":true},"9":{"name":"(anonymous_9)","line":143,"loc":{"start":{"line":143,"column":45},"end":{"line":143,"column":62}},"skip":true},"10":{"name":"(anonymous_10)","line":144,"loc":{"start":{"line":144,"column":73},"end":{"line":144,"column":92}},"skip":true},"11":{"name":"(anonymous_11)","line":272,"loc":{"start":{"line":272,"column":51},"end":{"line":272,"column":77}},"skip":true},"12":{"name":"(anonymous_12)","line":315,"loc":{"start":{"line":315,"column":32},"end":{"line":315,"column":61}},"skip":true}},"statementMap":{"1":{"start":{"line":26,"column":0},"end":{"line":326,"column":5}},"2":{"start":{"line":28,"column":4},"end":{"line":28,"column":14}},"3":{"start":{"line":33,"column":4},"end":{"line":60,"column":9}},"4":{"start":{"line":35,"column":8},"end":{"line":35,"column":19}},"5":{"start":{"line":37,"column":8},"end":{"line":49,"column":13}},"6":{"start":{"line":38,"column":12},"end":{"line":48,"column":13}},"7":{"start":{"line":39,"column":16},"end":{"line":42,"column":30}},"8":{"start":{"line":44,"column":16},"end":{"line":47,"column":27}},"9":{"start":{"line":51,"column":8},"end":{"line":53,"column":21}},"10":{"start":{"line":55,"column":8},"end":{"line":57,"column":45}},"11":{"start":{"line":59,"column":8},"end":{"line":59,"column":35}},"12":{"start":{"line":61,"column":4},"end":{"line":325,"column":5}},"13":{"start":{"line":69,"column":8},"end":{"line":121,"column":10},"skip":true},"14":{"start":{"line":70,"column":12},"end":{"line":88,"column":13},"skip":true},"15":{"start":{"line":76,"column":16},"end":{"line":87,"column":19},"skip":true},"16":{"start":{"line":79,"column":20},"end":{"line":86,"column":21},"skip":true},"17":{"start":{"line":82,"column":24},"end":{"line":82,"column":43},"skip":true},"18":{"start":{"line":83,"column":24},"end":{"line":83,"column":30},"skip":true},"19":{"start":{"line":85,"column":24},"end":{"line":85,"column":49},"skip":true},"20":{"start":{"line":89,"column":12},"end":{"line":107,"column":13},"skip":true},"21":{"start":{"line":92,"column":16},"end":{"line":102,"column":17},"skip":true},"22":{"start":{"line":93,"column":20},"end":{"line":93,"column":86},"skip":true},"23":{"start":{"line":94,"column":20},"end":{"line":95,"column":45},"skip":true},"24":{"start":{"line":96,"column":20},"end":{"line":96,"column":42},"skip":true},"25":{"start":{"line":97,"column":20},"end":{"line":97,"column":48},"skip":true},"26":{"start":{"line":100,"column":20},"end":{"line":100,"column":85},"skip":true},"27":{"start":{"line":101,"column":20},"end":{"line":101,"column":96},"skip":true},"28":{"start":{"line":103,"column":16},"end":{"line":103,"column":22},"skip":true},"29":{"start":{"line":106,"column":16},"end":{"line":106,"column":22},"skip":true},"30":{"start":{"line":108,"column":12},"end":{"line":120,"column":13},"skip":true},"31":{"start":{"line":114,"column":16},"end":{"line":119,"column":17},"skip":true},"32":{"start":{"line":116,"column":20},"end":{"line":116,"column":78},"skip":true},"33":{"start":{"line":118,"column":20},"end":{"line":118,"column":47},"skip":true},"34":{"start":{"line":123,"column":8},"end":{"line":141,"column":11},"skip":true},"35":{"start":{"line":124,"column":12},"end":{"line":124,"column":54},"skip":true},"36":{"start":{"line":125,"column":12},"end":{"line":140,"column":14},"skip":true},"37":{"start":{"line":126,"column":16},"end":{"line":126,"column":28},"skip":true},"38":{"start":{"line":127,"column":16},"end":{"line":127,"column":69},"skip":true},"39":{"start":{"line":128,"column":16},"end":{"line":128,"column":75},"skip":true},"40":{"start":{"line":129,"column":16},"end":{"line":131,"column":17},"skip":true},"41":{"start":{"line":130,"column":20},"end":{"line":130,"column":27},"skip":true},"42":{"start":{"line":133,"column":16},"end":{"line":137,"column":36},"skip":true},"43":{"start":{"line":134,"column":20},"end":{"line":136,"column":55},"skip":true},"44":{"start":{"line":139,"column":16},"end":{"line":139,"column":57},"skip":true},"45":{"start":{"line":143,"column":8},"end":{"line":147,"column":11},"skip":true},"46":{"start":{"line":144,"column":12},"end":{"line":146,"column":15},"skip":true},"47":{"start":{"line":145,"column":16},"end":{"line":145,"column":70},"skip":true},"48":{"start":{"line":149,"column":8},"end":{"line":149,"column":31},"skip":true},"49":{"start":{"line":150,"column":8},"end":{"line":150,"column":14},"skip":true},"50":{"start":{"line":158,"column":8},"end":{"line":158,"column":31},"skip":true},"51":{"start":{"line":160,"column":8},"end":{"line":160,"column":33},"skip":true},"52":{"start":{"line":161,"column":8},"end":{"line":161,"column":37},"skip":true},"53":{"start":{"line":162,"column":8},"end":{"line":162,"column":35},"skip":true},"54":{"start":{"line":164,"column":8},"end":{"line":164,"column":50},"skip":true},"55":{"start":{"line":166,"column":8},"end":{"line":256,"column":2},"skip":true},"56":{"start":{"line":258,"column":8},"end":{"line":286,"column":9},"skip":true},"57":{"start":{"line":259,"column":12},"end":{"line":269,"column":14},"skip":true},"58":{"start":{"line":271,"column":12},"end":{"line":285,"column":19},"skip":true},"59":{"start":{"line":274,"column":20},"end":{"line":274,"column":35},"skip":true},"60":{"start":{"line":275,"column":20},"end":{"line":284,"column":21},"skip":true},"61":{"start":{"line":277,"column":24},"end":{"line":277,"column":64},"skip":true},"62":{"start":{"line":279,"column":24},"end":{"line":279,"column":40},"skip":true},"63":{"start":{"line":281,"column":24},"end":{"line":281,"column":40},"skip":true},"64":{"start":{"line":283,"column":24},"end":{"line":283,"column":39},"skip":true},"65":{"start":{"line":288,"column":8},"end":{"line":290,"column":9},"skip":true},"66":{"start":{"line":289,"column":12},"end":{"line":289,"column":18},"skip":true},"67":{"start":{"line":291,"column":8},"end":{"line":293,"column":54},"skip":true},"68":{"start":{"line":296,"column":8},"end":{"line":301,"column":37},"skip":true},"69":{"start":{"line":303,"column":8},"end":{"line":303,"column":82},"skip":true},"70":{"start":{"line":306,"column":8},"end":{"line":308,"column":9},"skip":true},"71":{"start":{"line":307,"column":12},"end":{"line":307,"column":82},"skip":true},"72":{"start":{"line":310,"column":8},"end":{"line":312,"column":9},"skip":true},"73":{"start":{"line":311,"column":12},"end":{"line":311,"column":18},"skip":true},"74":{"start":{"line":313,"column":8},"end":{"line":313,"column":54},"skip":true},"75":{"start":{"line":314,"column":8},"end":{"line":314,"column":69},"skip":true},"76":{"start":{"line":315,"column":8},"end":{"line":323,"column":36},"skip":true},"77":{"start":{"line":316,"column":12},"end":{"line":316,"column":61},"skip":true},"78":{"start":{"line":317,"column":12},"end":{"line":320,"column":13},"skip":true},"79":{"start":{"line":318,"column":16},"end":{"line":318,"column":75},"skip":true},"80":{"start":{"line":319,"column":16},"end":{"line":319,"column":23},"skip":true},"81":{"start":{"line":321,"column":12},"end":{"line":321,"column":38},"skip":true},"82":{"start":{"line":322,"column":12},"end":{"line":322,"column":27},"skip":true},"83":{"start":{"line":324,"column":8},"end":{"line":324,"column":14},"skip":true}},"branchMap":{"1":{"line":39,"type":"binary-expr","locations":[{"start":{"line":39,"column":23},"end":{"line":39,"column":62}},{"start":{"line":40,"column":20},"end":{"line":40,"column":70}},{"start":{"line":41,"column":20},"end":{"line":41,"column":71}},{"start":{"line":42,"column":20},"end":{"line":42,"column":29}}]},"2":{"line":44,"type":"binary-expr","locations":[{"start":{"line":44,"column":23},"end":{"line":44,"column":37}},{"start":{"line":45,"column":20},"end":{"line":45,"column":61}},{"start":{"line":46,"column":20},"end":{"line":46,"column":70}},{"start":{"line":47,"column":20},"end":{"line":47,"column":26}}]},"3":{"line":51,"type":"cond-expr","locations":[{"start":{"line":52,"column":14},"end":{"line":52,"column":20}},{"start":{"line":53,"column":14},"end":{"line":53,"column":20}}]},"4":{"line":55,"type":"binary-expr","locations":[{"start":{"line":55,"column":16},"end":{"line":55,"column":44}},{"start":{"line":55,"column":49},"end":{"line":57,"column":43}}]},"5":{"line":55,"type":"cond-expr","locations":[{"start":{"line":56,"column":14},"end":{"line":56,"column":55}},{"start":{"line":57,"column":14},"end":{"line":57,"column":43}}]},"6":{"line":61,"type":"switch","locations":[{"start":{"line":68,"column":4},"end":{"line":150,"column":14},"skip":true},{"start":{"line":156,"column":4},"end":{"line":324,"column":14},"skip":true}]},"7":{"line":70,"type":"if","locations":[{"start":{"line":70,"column":12},"end":{"line":70,"column":12},"skip":true},{"start":{"line":70,"column":12},"end":{"line":70,"column":12},"skip":true}]},"8":{"line":70,"type":"binary-expr","locations":[{"start":{"line":70,"column":16},"end":{"line":70,"column":22},"skip":true},{"start":{"line":70,"column":27},"end":{"line":70,"column":32},"skip":true},{"start":{"line":71,"column":20},"end":{"line":71,"column":39},"skip":true},{"start":{"line":72,"column":20},"end":{"line":72,"column":49},"skip":true},{"start":{"line":73,"column":20},"end":{"line":73,"column":58},"skip":true},{"start":{"line":74,"column":20},"end":{"line":74,"column":69},"skip":true}]},"9":{"line":79,"type":"switch","locations":[{"start":{"line":80,"column":20},"end":{"line":80,"column":33},"skip":true},{"start":{"line":81,"column":20},"end":{"line":83,"column":30},"skip":true},{"start":{"line":84,"column":20},"end":{"line":85,"column":49},"skip":true}]},"10":{"line":89,"type":"switch","locations":[{"start":{"line":90,"column":12},"end":{"line":103,"column":22},"skip":true},{"start":{"line":105,"column":12},"end":{"line":106,"column":22},"skip":true}]},"11":{"line":89,"type":"binary-expr","locations":[{"start":{"line":89,"column":20},"end":{"line":89,"column":25},"skip":true},{"start":{"line":89,"column":29},"end":{"line":89,"column":48},"skip":true},{"start":{"line":89,"column":52},"end":{"line":89,"column":74},"skip":true}]},"12":{"line":92,"type":"if","locations":[{"start":{"line":92,"column":16},"end":{"line":92,"column":16},"skip":true},{"start":{"line":92,"column":16},"end":{"line":92,"column":16},"skip":true}]},"13":{"line":108,"type":"if","locations":[{"start":{"line":108,"column":12},"end":{"line":108,"column":12},"skip":true},{"start":{"line":108,"column":12},"end":{"line":108,"column":12},"skip":true}]},"14":{"line":108,"type":"binary-expr","locations":[{"start":{"line":108,"column":16},"end":{"line":108,"column":61},"skip":true},{"start":{"line":108,"column":66},"end":{"line":108,"column":72},"skip":true},{"start":{"line":108,"column":77},"end":{"line":108,"column":82},"skip":true},{"start":{"line":109,"column":20},"end":{"line":109,"column":39},"skip":true},{"start":{"line":110,"column":20},"end":{"line":110,"column":49},"skip":true},{"start":{"line":111,"column":20},"end":{"line":111,"column":58},"skip":true},{"start":{"line":112,"column":20},"end":{"line":112,"column":68},"skip":true}]},"15":{"line":129,"type":"if","locations":[{"start":{"line":129,"column":16},"end":{"line":129,"column":16},"skip":true},{"start":{"line":129,"column":16},"end":{"line":129,"column":16},"skip":true}]},"16":{"line":134,"type":"cond-expr","locations":[{"start":{"line":135,"column":26},"end":{"line":135,"column":29},"skip":true},{"start":{"line":136,"column":26},"end":{"line":136,"column":54},"skip":true}]},"17":{"line":164,"type":"binary-expr","locations":[{"start":{"line":164,"column":27},"end":{"line":164,"column":43},"skip":true},{"start":{"line":164,"column":47},"end":{"line":164,"column":49},"skip":true}]},"18":{"line":258,"type":"if","locations":[{"start":{"line":258,"column":8},"end":{"line":258,"column":8},"skip":true},{"start":{"line":258,"column":8},"end":{"line":258,"column":8},"skip":true}]},"19":{"line":275,"type":"switch","locations":[{"start":{"line":276,"column":20},"end":{"line":277,"column":64},"skip":true},{"start":{"line":278,"column":20},"end":{"line":279,"column":40},"skip":true},{"start":{"line":280,"column":20},"end":{"line":281,"column":40},"skip":true},{"start":{"line":282,"column":20},"end":{"line":283,"column":39},"skip":true}]},"20":{"line":288,"type":"if","locations":[{"start":{"line":288,"column":8},"end":{"line":288,"column":8},"skip":true},{"start":{"line":288,"column":8},"end":{"line":288,"column":8},"skip":true}]},"21":{"line":288,"type":"binary-expr","locations":[{"start":{"line":288,"column":12},"end":{"line":288,"column":40},"skip":true},{"start":{"line":288,"column":44},"end":{"line":288,"column":67},"skip":true}]},"22":{"line":292,"type":"binary-expr","locations":[{"start":{"line":292,"column":12},"end":{"line":292,"column":50},"skip":true},{"start":{"line":293,"column":12},"end":{"line":293,"column":53},"skip":true}]},"23":{"line":297,"type":"binary-expr","locations":[{"start":{"line":297,"column":12},"end":{"line":297,"column":69},"skip":true},{"start":{"line":298,"column":12},"end":{"line":301,"column":36},"skip":true}]},"24":{"line":303,"type":"binary-expr","locations":[{"start":{"line":303,"column":43},"end":{"line":303,"column":75},"skip":true},{"start":{"line":303,"column":79},"end":{"line":303,"column":81},"skip":true}]},"25":{"line":306,"type":"if","locations":[{"start":{"line":306,"column":8},"end":{"line":306,"column":8},"skip":true},{"start":{"line":306,"column":8},"end":{"line":306,"column":8},"skip":true}]},"26":{"line":310,"type":"if","locations":[{"start":{"line":310,"column":8},"end":{"line":310,"column":8},"skip":true},{"start":{"line":310,"column":8},"end":{"line":310,"column":8},"skip":true}]},"27":{"line":313,"type":"binary-expr","locations":[{"start":{"line":313,"column":27},"end":{"line":313,"column":43},"skip":true},{"start":{"line":313,"column":47},"end":{"line":313,"column":53},"skip":true}]},"28":{"line":317,"type":"if","locations":[{"start":{"line":317,"column":12},"end":{"line":317,"column":12},"skip":true},{"start":{"line":317,"column":12},"end":{"line":317,"column":12},"skip":true}]}},"code":["/*","example.js","","quickstart example","","instruction","    1. save this script as example.js","    2. run the shell command:","        $ npm install npmtest-jsmediatags && PORT=8081 node example.js","    3. play with the browser-demo on http://127.0.0.1:8081","*/","","","","/* istanbul instrument in package npmtest_jsmediatags */","/*jslint","    bitwise: true,","    browser: true,","    maxerr: 8,","    maxlen: 96,","    node: true,","    nomen: true,","    regexp: true,","    stupid: true","*/","(function () {","    'use strict';","    var local;","","","","    // run shared js-env code - pre-init","    (function () {","        // init local","        local = {};","        // init modeJs","        local.modeJs = (function () {","            try {","                return typeof navigator.userAgent === 'string' &&","                    typeof document.querySelector('body') === 'object' &&","                    typeof XMLHttpRequest.prototype.open === 'function' &&","                    'browser';","            } catch (errorCaughtBrowser) {","                return module.exports &&","                    typeof process.versions.node === 'string' &&","                    typeof require('http').createServer === 'function' &&","                    'node';","            }","        }());","        // init global","        local.global = local.modeJs === 'browser'","            ? window","            : global;","        // init utility2_rollup","        local = local.global.utility2_rollup || (local.modeJs === 'browser'","            ? local.global.utility2_npmtest_jsmediatags","            : global.utility2_moduleExports);","        // export local","        local.global.local = local;","    }());","    switch (local.modeJs) {","","","","    // post-init","    // run browser js-env code - post-init","    /* istanbul ignore next */","    case 'browser':","        local.testRunBrowser = function (event) {","            if (!event || (event &&","                    event.currentTarget &&","                    event.currentTarget.className &&","                    event.currentTarget.className.includes &&","                    event.currentTarget.className.includes('onreset'))) {","                // reset output","                Array.from(","                    document.querySelectorAll('body > .resettable')","                ).forEach(function (element) {","                    switch (element.tagName) {","                    case 'INPUT':","                    case 'TEXTAREA':","                        element.value = '';","                        break;","                    default:","                        element.textContent = '';","                    }","                });","            }","            switch (event && event.currentTarget && event.currentTarget.id) {","            case 'testRunButton1':","                // show tests","                if (document.querySelector('#testReportDiv1').style.display === 'none') {","                    document.querySelector('#testReportDiv1').style.display = 'block';","                    document.querySelector('#testRunButton1').textContent =","                        'hide internal test';","                    local.modeTest = true;","                    local.testRunDefault(local);","                // hide tests","                } else {","                    document.querySelector('#testReportDiv1').style.display = 'none';","                    document.querySelector('#testRunButton1').textContent = 'run internal test';","                }","                break;","            // custom-case","            default:","                break;","            }","            if (document.querySelector('#inputTextareaEval1') && (!event || (event &&","                    event.currentTarget &&","                    event.currentTarget.className &&","                    event.currentTarget.className.includes &&","                    event.currentTarget.className.includes('oneval')))) {","                // try to eval input-code","                try {","                    /*jslint evil: true*/","                    eval(document.querySelector('#inputTextareaEval1').value);","                } catch (errorCaught) {","                    console.error(errorCaught);","                }","            }","        };","        // log stderr and stdout to #outputTextareaStdout1","        ['error', 'log'].forEach(function (key) {","            console[key + '_original'] = console[key];","            console[key] = function () {","                var element;","                console[key + '_original'].apply(console, arguments);","                element = document.querySelector('#outputTextareaStdout1');","                if (!element) {","                    return;","                }","                // append text to #outputTextareaStdout1","                element.value += Array.from(arguments).map(function (arg) {","                    return typeof arg === 'string'","                        ? arg","                        : JSON.stringify(arg, null, 4);","                }).join(' ') + '\\n';","                // scroll textarea to bottom","                element.scrollTop = element.scrollHeight;","            };","        });","        // init event-handling","        ['change', 'click', 'keyup'].forEach(function (event) {","            Array.from(document.querySelectorAll('.on' + event)).forEach(function (element) {","                element.addEventListener(event, local.testRunBrowser);","            });","        });","        // run tests","        local.testRunBrowser();","        break;","","","","    // run node js-env code - post-init","    /* istanbul ignore next */","    case 'node':","        // export local","        module.exports = local;","        // require modules","        local.fs = require('fs');","        local.http = require('http');","        local.url = require('url');","        // init assets","        local.assetsDict = local.assetsDict || {};","        /* jslint-ignore-begin */","        local.assetsDict['/assets.index.template.html'] = '\\","<!doctype html>\\n\\","<html lang=\"en\">\\n\\","<head>\\n\\","<meta charset=\"UTF-8\">\\n\\","<meta name=\"viewport\" content=\"width=device-width, initial-scale=1\">\\n\\","<title>{{env.npm_package_name}} (v{{env.npm_package_version}})</title>\\n\\","<style>\\n\\","/*csslint\\n\\","    box-sizing: false,\\n\\","    universal-selector: false\\n\\","*/\\n\\","* {\\n\\","    box-sizing: border-box;\\n\\","}\\n\\","body {\\n\\","    background: #dde;\\n\\","    font-family: Arial, Helvetica, sans-serif;\\n\\","    margin: 2rem;\\n\\","}\\n\\","body > * {\\n\\","    margin-bottom: 1rem;\\n\\","}\\n\\",".utility2FooterDiv {\\n\\","    margin-top: 20px;\\n\\","    text-align: center;\\n\\","}\\n\\","</style>\\n\\","<style>\\n\\","/*csslint\\n\\","*/\\n\\","textarea {\\n\\","    font-family: monospace;\\n\\","    height: 10rem;\\n\\","    width: 100%;\\n\\","}\\n\\","textarea[readonly] {\\n\\","    background: #ddd;\\n\\","}\\n\\","</style>\\n\\","</head>\\n\\","<body>\\n\\","<!-- utility2-comment\\n\\","<div id=\"ajaxProgressDiv1\" style=\"background: #d00; height: 2px; left: 0; margin: 0; padding: 0; position: fixed; top: 0; transition: background 0.5s, width 1.5s; width: 25%;\"></div>\\n\\","utility2-comment -->\\n\\","<h1>\\n\\","<!-- utility2-comment\\n\\","    <a\\n\\","        {{#if env.npm_package_homepage}}\\n\\","        href=\"{{env.npm_package_homepage}}\"\\n\\","        {{/if env.npm_package_homepage}}\\n\\","        target=\"_blank\"\\n\\","    >\\n\\","utility2-comment -->\\n\\","        {{env.npm_package_name}} (v{{env.npm_package_version}})\\n\\","<!-- utility2-comment\\n\\","    </a>\\n\\","utility2-comment -->\\n\\","</h1>\\n\\","<h3>{{env.npm_package_description}}</h3>\\n\\","<!-- utility2-comment\\n\\","<h4><a download href=\"assets.app.js\">download standalone app</a></h4>\\n\\","<button class=\"onclick onreset\" id=\"testRunButton1\">run internal test</button><br>\\n\\","<div id=\"testReportDiv1\" style=\"display: none;\"></div>\\n\\","utility2-comment -->\\n\\","\\n\\","\\n\\","\\n\\","<label>stderr and stdout</label>\\n\\","<textarea class=\"resettable\" id=\"outputTextareaStdout1\" readonly></textarea>\\n\\","<!-- utility2-comment\\n\\","{{#if isRollup}}\\n\\","<script src=\"assets.app.js\"></script>\\n\\","{{#unless isRollup}}\\n\\","utility2-comment -->\\n\\","<script src=\"assets.utility2.rollup.js\"></script>\\n\\","<script src=\"jsonp.utility2._stateInit?callback=window.utility2._stateInit\"></script>\\n\\","<script src=\"assets.npmtest_jsmediatags.rollup.js\"></script>\\n\\","<script src=\"assets.example.js\"></script>\\n\\","<script src=\"assets.test.js\"></script>\\n\\","<!-- utility2-comment\\n\\","{{/if isRollup}}\\n\\","utility2-comment -->\\n\\","<div class=\"utility2FooterDiv\">\\n\\","    [ this app was created with\\n\\","    <a href=\"https://github.com/kaizhu256/node-utility2\" target=\"_blank\">utility2</a>\\n\\","    ]\\n\\","</div>\\n\\","</body>\\n\\","</html>\\n\\","';","        /* jslint-ignore-end */","        if (local.templateRender) {","            local.assetsDict['/'] = local.templateRender(","                local.assetsDict['/assets.index.template.html'],","                {","                    env: local.objectSetDefault(local.env, {","                        npm_package_description: 'the greatest app in the world!',","                        npm_package_name: 'my-app',","                        npm_package_nameAlias: 'my_app',","                        npm_package_version: '0.0.1'","                    })","                }","            );","        } else {","            local.assetsDict['/'] = local.assetsDict['/assets.index.template.html']","                .replace((/\\{\\{env\\.(\\w+?)\\}\\}/g), function (match0, match1) {","                    // jslint-hack","                    String(match0);","                    switch (match1) {","                    case 'npm_package_description':","                        return 'the greatest app in the world!';","                    case 'npm_package_name':","                        return 'my-app';","                    case 'npm_package_nameAlias':","                        return 'my_app';","                    case 'npm_package_version':","                        return '0.0.1';","                    }","                });","        }","        // run the cli","        if (local.global.utility2_rollup || module !== require.main) {","            break;","        }","        local.assetsDict['/assets.example.js'] =","            local.assetsDict['/assets.example.js'] ||","            local.fs.readFileSync(__filename, 'utf8');","        // bug-workaround - long $npm_package_buildCustomOrg","        /* jslint-ignore-begin */","        local.assetsDict['/assets.npmtest_jsmediatags.rollup.js'] =","            local.assetsDict['/assets.npmtest_jsmediatags.rollup.js'] ||","            local.fs.readFileSync(","                local.npmtest_jsmediatags.__dirname + '/lib.npmtest_jsmediatags.js',","                'utf8'","            ).replace((/^#!/), '//');","        /* jslint-ignore-end */","        local.assetsDict['/favicon.ico'] = local.assetsDict['/favicon.ico'] || '';","        // if $npm_config_timeout_exit exists,","        // then exit this process after $npm_config_timeout_exit ms","        if (Number(process.env.npm_config_timeout_exit)) {","            setTimeout(process.exit, Number(process.env.npm_config_timeout_exit));","        }","        // start server","        if (local.global.utility2_serverHttp1) {","            break;","        }","        process.env.PORT = process.env.PORT || '8081';","        console.error('server starting on port ' + process.env.PORT);","        local.http.createServer(function (request, response) {","            request.urlParsed = local.url.parse(request.url);","            if (local.assetsDict[request.urlParsed.pathname] !== undefined) {","                response.end(local.assetsDict[request.urlParsed.pathname]);","                return;","            }","            response.statusCode = 404;","            response.end();","        }).listen(process.env.PORT);","        break;","    }","}());",""],"l":{"26":2,"28":2,"33":2,"35":2,"37":2,"38":2,"39":2,"44":1,"51":2,"55":2,"59":2,"61":2,"69":1,"70":2,"76":2,"79":2,"82":2,"83":2,"85":1,"89":2,"92":1,"93":1,"94":1,"96":1,"97":1,"100":1,"101":1,"103":1,"106":1,"108":2,"114":1,"116":1,"118":1,"123":1,"124":2,"125":2,"126":3,"127":3,"128":3,"129":3,"130":1,"133":3,"134":3,"139":3,"143":1,"144":3,"145":1,"149":1,"150":1,"158":1,"160":1,"161":1,"162":1,"164":1,"166":1,"258":1,"259":1,"271":1,"274":6,"275":6,"277":1,"279":2,"281":1,"283":2,"288":1,"289":1,"291":1,"296":1,"303":1,"306":1,"307":1,"310":1,"311":1,"313":1,"314":1,"315":1,"316":1,"317":1,"318":1,"319":1,"321":1,"322":1,"324":1}},"/home/travis/build/npmtest/node-npmtest-jsmediatags/node_modules/jsmediatags/build2/jsmediatags.js":{"path":"/home/travis/build/npmtest/node-npmtest-jsmediatags/node_modules/jsmediatags/build2/jsmediatags.js","s":{"1":1,"2":1,"3":1,"4":1,"5":1,"6":1,"7":1,"8":1,"9":1,"10":1,"11":1,"12":1,"13":0,"14":1,"15":0,"16":0,"17":0,"18":0,"19":0,"20":0,"21":0,"22":0,"23":0,"24":0,"25":0,"26":0,"27":0,"28":0,"29":0,"30":0,"31":0,"32":0,"33":0,"34":0,"35":0,"36":0,"37":0,"38":0,"39":0,"40":0,"41":0,"42":0,"43":0,"44":0,"45":0,"46":0,"47":0,"48":0,"49":0,"50":0,"51":0,"52":0,"53":0,"54":0,"55":0,"56":0,"57":0,"58":0,"59":0,"60":0,"61":0,"62":0,"63":0,"64":0,"65":0,"66":0,"67":0,"68":0,"69":0,"70":0,"71":0,"72":0,"73":0,"74":0,"75":0,"76":0,"77":0,"78":0,"79":0,"80":0,"81":0,"82":0,"83":0,"84":0,"85":0,"86":4,"87":4,"88":3,"89":3,"90":0,"91":0,"92":0,"93":0,"94":0,"95":0,"96":0,"97":1,"98":1,"99":1,"100":1},"b":{"1":[0,0],"2":[0,0,0],"3":[0,0],"4":[0,0],"5":[0,0],"6":[0,0],"7":[0,0],"8":[0,0],"9":[0,0,0,0],"10":[0,0],"11":[0,0],"12":[0,0],"13":[0,0],"14":[0,0],"15":[0,0],"16":[0,0],"17":[0,0],"18":[0,0],"19":[1,0]},"f":{"1":0,"2":0,"3":0,"4":0,"5":0,"6":0,"7":0,"8":0,"9":0,"10":0,"11":0,"12":0,"13":0,"14":0,"15":0,"16":0,"17":4,"18":3,"19":0,"20":0,"21":0,"22":0},"fnMap":{"1":{"name":"read","line":16,"loc":{"start":{"line":16,"column":0},"end":{"line":16,"column":35}}},"2":{"name":"isRangeValid","line":20,"loc":{"start":{"line":20,"column":0},"end":{"line":20,"column":39}}},"3":{"name":"(anonymous_3)","line":30,"loc":{"start":{"line":30,"column":13},"end":{"line":30,"column":20}}},"4":{"name":"(anonymous_4)","line":34,"loc":{"start":{"line":34,"column":15},"end":{"line":34,"column":28}}},"5":{"name":"(anonymous_5)","line":39,"loc":{"start":{"line":39,"column":15},"end":{"line":39,"column":28}}},"6":{"name":"(anonymous_6)","line":44,"loc":{"start":{"line":44,"column":14},"end":{"line":44,"column":26}}},"7":{"name":"(anonymous_7)","line":49,"loc":{"start":{"line":49,"column":6},"end":{"line":49,"column":18}}},"8":{"name":"(anonymous_8)","line":55,"loc":{"start":{"line":55,"column":17},"end":{"line":55,"column":29}}},"9":{"name":"(anonymous_9)","line":57,"loc":{"start":{"line":57,"column":21},"end":{"line":57,"column":42}}},"10":{"name":"(anonymous_10)","line":67,"loc":{"start":{"line":67,"column":16},"end":{"line":67,"column":19}}},"11":{"name":"(anonymous_11)","line":75,"loc":{"start":{"line":75,"column":17},"end":{"line":75,"column":20}}},"12":{"name":"(anonymous_12)","line":85,"loc":{"start":{"line":85,"column":15},"end":{"line":85,"column":39}}},"13":{"name":"(anonymous_13)","line":88,"loc":{"start":{"line":88,"column":17},"end":{"line":88,"column":29}}},"14":{"name":"(anonymous_14)","line":96,"loc":{"start":{"line":96,"column":16},"end":{"line":96,"column":40}}},"15":{"name":"(anonymous_15)","line":126,"loc":{"start":{"line":126,"column":17},"end":{"line":126,"column":29}}},"16":{"name":"(anonymous_16)","line":172,"loc":{"start":{"line":172,"column":26},"end":{"line":172,"column":62}}},"17":{"name":"(anonymous_17)","line":199,"loc":{"start":{"line":199,"column":22},"end":{"line":199,"column":35}}},"18":{"name":"(anonymous_18)","line":204,"loc":{"start":{"line":204,"column":21},"end":{"line":204,"column":33}}},"19":{"name":"(anonymous_19)","line":209,"loc":{"start":{"line":209,"column":24},"end":{"line":209,"column":36}}},"20":{"name":"(anonymous_20)","line":219,"loc":{"start":{"line":219,"column":39},"end":{"line":219,"column":42}}},"21":{"name":"(anonymous_21)","line":225,"loc":{"start":{"line":225,"column":32},"end":{"line":225,"column":55}}},"22":{"name":"(anonymous_22)","line":231,"loc":{"start":{"line":231,"column":27},"end":{"line":231,"column":42}}}},"statementMap":{"1":{"start":{"line":3,"column":0},"end":{"line":3,"column":53}},"2":{"start":{"line":4,"column":0},"end":{"line":4,"column":51}},"3":{"start":{"line":5,"column":0},"end":{"line":5,"column":49}},"4":{"start":{"line":6,"column":0},"end":{"line":6,"column":51}},"5":{"start":{"line":7,"column":0},"end":{"line":7,"column":53}},"6":{"start":{"line":8,"column":0},"end":{"line":8,"column":51}},"7":{"start":{"line":9,"column":0},"end":{"line":9,"column":51}},"8":{"start":{"line":10,"column":0},"end":{"line":10,"column":51}},"9":{"start":{"line":11,"column":0},"end":{"line":11,"column":47}},"10":{"start":{"line":13,"column":0},"end":{"line":13,"column":26}},"11":{"start":{"line":14,"column":0},"end":{"line":14,"column":25}},"12":{"start":{"line":16,"column":0},"end":{"line":18,"column":1}},"13":{"start":{"line":17,"column":2},"end":{"line":17,"column":39}},"14":{"start":{"line":20,"column":0},"end":{"line":26,"column":1}},"15":{"start":{"line":21,"column":2},"end":{"line":21,"column":92}},"16":{"start":{"line":23,"column":2},"end":{"line":23,"column":113}},"17":{"start":{"line":25,"column":2},"end":{"line":25,"column":57}},"18":{"start":{"line":31,"column":4},"end":{"line":31,"column":22}},"19":{"start":{"line":35,"column":4},"end":{"line":35,"column":34}},"20":{"start":{"line":36,"column":4},"end":{"line":36,"column":16}},"21":{"start":{"line":40,"column":4},"end":{"line":40,"column":34}},"22":{"start":{"line":41,"column":4},"end":{"line":41,"column":16}},"23":{"start":{"line":45,"column":4},"end":{"line":45,"column":32}},"24":{"start":{"line":46,"column":4},"end":{"line":46,"column":16}},"25":{"start":{"line":50,"column":4},"end":{"line":50,"column":43}},"26":{"start":{"line":51,"column":4},"end":{"line":51,"column":48}},"27":{"start":{"line":52,"column":4},"end":{"line":52,"column":20}},"28":{"start":{"line":54,"column":4},"end":{"line":64,"column":7}},"29":{"start":{"line":56,"column":8},"end":{"line":61,"column":11}},"30":{"start":{"line":58,"column":12},"end":{"line":58,"column":86}},"31":{"start":{"line":68,"column":4},"end":{"line":72,"column":5}},"32":{"start":{"line":69,"column":6},"end":{"line":69,"column":30}},"33":{"start":{"line":71,"column":6},"end":{"line":71,"column":36}},"34":{"start":{"line":76,"column":4},"end":{"line":80,"column":5}},"35":{"start":{"line":77,"column":6},"end":{"line":79,"column":7}},"36":{"start":{"line":78,"column":8},"end":{"line":78,"column":35}},"37":{"start":{"line":82,"column":4},"end":{"line":82,"column":70}},"38":{"start":{"line":86,"column":4},"end":{"line":93,"column":5}},"39":{"start":{"line":87,"column":6},"end":{"line":87,"column":38}},"40":{"start":{"line":88,"column":6},"end":{"line":90,"column":12}},"41":{"start":{"line":89,"column":8},"end":{"line":89,"column":39}},"42":{"start":{"line":92,"column":6},"end":{"line":92,"column":49}},"43":{"start":{"line":107,"column":4},"end":{"line":107,"column":35}},"44":{"start":{"line":108,"column":4},"end":{"line":108,"column":33}},"45":{"start":{"line":109,"column":4},"end":{"line":109,"column":40}},"46":{"start":{"line":111,"column":4},"end":{"line":122,"column":5}},"47":{"start":{"line":112,"column":6},"end":{"line":112,"column":65}},"48":{"start":{"line":113,"column":6},"end":{"line":115,"column":7}},"49":{"start":{"line":114,"column":8},"end":{"line":114,"column":17}},"50":{"start":{"line":117,"column":6},"end":{"line":121,"column":7}},"51":{"start":{"line":118,"column":8},"end":{"line":118,"column":55}},"52":{"start":{"line":120,"column":8},"end":{"line":120,"column":53}},"53":{"start":{"line":124,"column":4},"end":{"line":124,"column":27}},"54":{"start":{"line":125,"column":4},"end":{"line":166,"column":6}},"55":{"start":{"line":127,"column":8},"end":{"line":132,"column":9}},"56":{"start":{"line":130,"column":10},"end":{"line":130,"column":28}},"57":{"start":{"line":131,"column":10},"end":{"line":131,"column":17}},"58":{"start":{"line":134,"column":8},"end":{"line":156,"column":9}},"59":{"start":{"line":135,"column":10},"end":{"line":135,"column":69}},"60":{"start":{"line":136,"column":10},"end":{"line":138,"column":11}},"61":{"start":{"line":137,"column":12},"end":{"line":137,"column":21}},"62":{"start":{"line":140,"column":10},"end":{"line":150,"column":11}},"63":{"start":{"line":141,"column":12},"end":{"line":141,"column":129}},"64":{"start":{"line":143,"column":12},"end":{"line":149,"column":13}},"65":{"start":{"line":144,"column":14},"end":{"line":147,"column":17}},"66":{"start":{"line":148,"column":14},"end":{"line":148,"column":21}},"67":{"start":{"line":152,"column":10},"end":{"line":155,"column":11}},"68":{"start":{"line":153,"column":12},"end":{"line":153,"column":52}},"69":{"start":{"line":154,"column":12},"end":{"line":154,"column":19}},"70":{"start":{"line":158,"column":8},"end":{"line":163,"column":9}},"71":{"start":{"line":159,"column":10},"end":{"line":162,"column":13}},"72":{"start":{"line":168,"column":4},"end":{"line":168,"column":98}},"73":{"start":{"line":169,"column":4},"end":{"line":169,"column":96}},"74":{"start":{"line":173,"column":4},"end":{"line":177,"column":5}},"75":{"start":{"line":175,"column":6},"end":{"line":175,"column":41}},"76":{"start":{"line":176,"column":6},"end":{"line":176,"column":13}},"77":{"start":{"line":179,"column":4},"end":{"line":179,"column":51}},"78":{"start":{"line":180,"column":4},"end":{"line":180,"column":40}},"79":{"start":{"line":185,"column":4},"end":{"line":192,"column":5}},"80":{"start":{"line":186,"column":6},"end":{"line":186,"column":60}},"81":{"start":{"line":187,"column":6},"end":{"line":187,"column":77}},"82":{"start":{"line":188,"column":6},"end":{"line":188,"column":41}},"83":{"start":{"line":190,"column":6},"end":{"line":190,"column":69}},"84":{"start":{"line":191,"column":6},"end":{"line":191,"column":67}},"85":{"start":{"line":194,"column":4},"end":{"line":194,"column":56}},"86":{"start":{"line":200,"column":4},"end":{"line":200,"column":38}},"87":{"start":{"line":201,"column":4},"end":{"line":201,"column":18}},"88":{"start":{"line":205,"column":4},"end":{"line":205,"column":36}},"89":{"start":{"line":206,"column":4},"end":{"line":206,"column":18}},"90":{"start":{"line":210,"column":4},"end":{"line":210,"column":57}},"91":{"start":{"line":212,"column":4},"end":{"line":214,"column":5}},"92":{"start":{"line":213,"column":6},"end":{"line":213,"column":45}},"93":{"start":{"line":216,"column":4},"end":{"line":216,"column":18}},"94":{"start":{"line":220,"column":4},"end":{"line":222,"column":7}},"95":{"start":{"line":226,"column":4},"end":{"line":228,"column":7}},"96":{"start":{"line":232,"column":4},"end":{"line":234,"column":7}},"97":{"start":{"line":238,"column":0},"end":{"line":238,"column":182}},"98":{"start":{"line":240,"column":0},"end":{"line":242,"column":1}},"99":{"start":{"line":241,"column":2},"end":{"line":241,"column":39}},"100":{"start":{"line":244,"column":0},"end":{"line":248,"column":2}}},"branchMap":{"1":{"line":21,"type":"binary-expr","locations":[{"start":{"line":21,"column":31},"end":{"line":21,"column":48}},{"start":{"line":21,"column":52},"end":{"line":21,"column":91}}]},"2":{"line":23,"type":"binary-expr","locations":[{"start":{"line":23,"column":31},"end":{"line":23,"column":47}},{"start":{"line":23,"column":52},"end":{"line":23,"column":76}},{"start":{"line":23,"column":80},"end":{"line":23,"column":111}}]},"3":{"line":25,"type":"binary-expr","locations":[{"start":{"line":25,"column":11},"end":{"line":25,"column":31}},{"start":{"line":25,"column":35},"end":{"line":25,"column":55}}]},"4":{"line":68,"type":"if","locations":[{"start":{"line":68,"column":4},"end":{"line":68,"column":4}},{"start":{"line":68,"column":4},"end":{"line":68,"column":4}}]},"5":{"line":77,"type":"if","locations":[{"start":{"line":77,"column":6},"end":{"line":77,"column":6}},{"start":{"line":77,"column":6},"end":{"line":77,"column":6}}]},"6":{"line":86,"type":"if","locations":[{"start":{"line":86,"column":4},"end":{"line":86,"column":4}},{"start":{"line":86,"column":4},"end":{"line":86,"column":4}}]},"7":{"line":113,"type":"if","locations":[{"start":{"line":113,"column":6},"end":{"line":113,"column":6}},{"start":{"line":113,"column":6},"end":{"line":113,"column":6}}]},"8":{"line":117,"type":"if","locations":[{"start":{"line":117,"column":6},"end":{"line":117,"column":6}},{"start":{"line":117,"column":6},"end":{"line":117,"column":6}}]},"9":{"line":117,"type":"binary-expr","locations":[{"start":{"line":117,"column":10},"end":{"line":117,"column":27}},{"start":{"line":117,"column":31},"end":{"line":117,"column":58}},{"start":{"line":117,"column":62},"end":{"line":117,"column":78}},{"start":{"line":117,"column":82},"end":{"line":117,"column":110}}]},"10":{"line":127,"type":"if","locations":[{"start":{"line":127,"column":8},"end":{"line":127,"column":8}},{"start":{"line":127,"column":8},"end":{"line":127,"column":8}}]},"11":{"line":136,"type":"if","locations":[{"start":{"line":136,"column":10},"end":{"line":136,"column":10}},{"start":{"line":136,"column":10},"end":{"line":136,"column":10}}]},"12":{"line":141,"type":"cond-expr","locations":[{"start":{"line":141,"column":75},"end":{"line":141,"column":87}},{"start":{"line":141,"column":90},"end":{"line":141,"column":113}}]},"13":{"line":143,"type":"if","locations":[{"start":{"line":143,"column":12},"end":{"line":143,"column":12}},{"start":{"line":143,"column":12},"end":{"line":143,"column":12}}]},"14":{"line":152,"type":"if","locations":[{"start":{"line":152,"column":10},"end":{"line":152,"column":10}},{"start":{"line":152,"column":10},"end":{"line":152,"column":10}}]},"15":{"line":158,"type":"if","locations":[{"start":{"line":158,"column":8},"end":{"line":158,"column":8}},{"start":{"line":158,"column":8},"end":{"line":158,"column":8}}]},"16":{"line":173,"type":"if","locations":[{"start":{"line":173,"column":4},"end":{"line":173,"column":4}},{"start":{"line":173,"column":4},"end":{"line":173,"column":4}}]},"17":{"line":187,"type":"cond-expr","locations":[{"start":{"line":187,"column":38},"end":{"line":187,"column":50}},{"start":{"line":187,"column":53},"end":{"line":187,"column":76}}]},"18":{"line":212,"type":"if","locations":[{"start":{"line":212,"column":4},"end":{"line":212,"column":4}},{"start":{"line":212,"column":4},"end":{"line":212,"column":4}}]},"19":{"line":240,"type":"if","locations":[{"start":{"line":240,"column":0},"end":{"line":240,"column":0}},{"start":{"line":240,"column":0},"end":{"line":240,"column":0}}]}},"code":["'use strict';","","const MediaFileReader = require(\"./MediaFileReader\");","const NodeFileReader = require(\"./NodeFileReader\");","const XhrFileReader = require(\"./XhrFileReader\");","const BlobFileReader = require(\"./BlobFileReader\");","const ArrayFileReader = require(\"./ArrayFileReader\");","const MediaTagReader = require(\"./MediaTagReader\");","const ID3v1TagReader = require(\"./ID3v1TagReader\");","const ID3v2TagReader = require(\"./ID3v2TagReader\");","const MP4TagReader = require(\"./MP4TagReader\");","","var mediaFileReaders = [];","var mediaTagReaders = [];","","function read(location, callbacks) {","  new Reader(location).read(callbacks);","}","","function isRangeValid(range, fileSize) {","  const invalidPositiveRange = range.offset >= 0 && range.offset + range.length >= fileSize;","","  const invalidNegativeRange = range.offset < 0 && (-range.offset > fileSize || range.offset + range.length > 0);","","  return !(invalidPositiveRange || invalidNegativeRange);","}","","class Reader {","","  constructor(file) {","    this._file = file;","  }","","  setTagsToRead(tagsToRead) {","    this._tagsToRead = tagsToRead;","    return this;","  }","","  setFileReader(fileReader) {","    this._fileReader = fileReader;","    return this;","  }","","  setTagReader(tagReader) {","    this._tagReader = tagReader;","    return this;","  }","","  read(callbacks) {","    var FileReader = this._getFileReader();","    var fileReader = new FileReader(this._file);","    var self = this;","","    fileReader.init({","      onSuccess: function () {","        self._getTagReader(fileReader, {","          onSuccess: function (TagReader) {","            new TagReader(fileReader).setTagsToRead(self._tagsToRead).read(callbacks);","          },","          onError: callbacks.onError","        });","      },","      onError: callbacks.onError","    });","  }","","  _getFileReader() {","    if (this._fileReader) {","      return this._fileReader;","    } else {","      return this._findFileReader();","    }","  }","","  _findFileReader() {","    for (var i = 0; i < mediaFileReaders.length; i++) {","      if (mediaFileReaders[i].canReadFile(this._file)) {","        return mediaFileReaders[i];","      }","    }","","    throw new Error(\"No suitable file reader found for \", this._file);","  }","","  _getTagReader(fileReader, callbacks) {","    if (this._tagReader) {","      var tagReader = this._tagReader;","      setTimeout(function () {","        callbacks.onSuccess(tagReader);","      }, 1);","    } else {","      this._findTagReader(fileReader, callbacks);","    }","  }","","  _findTagReader(fileReader, callbacks) {","    // We don't want to make multiple fetches per tag reader to get the tag","    // identifier. The strategy here is to combine all the tag identifier","    // ranges into one and make a single fetch. This is particularly important","    // in file readers that have expensive loads like the XHR one.","    // However, with this strategy we run into the problem of loading the","    // entire file because tag identifiers might be at the start or end of","    // the file.","    // To get around this we divide the tag readers into two categories, the","    // ones that read their tag identifiers from the start of the file and the","    // ones that read from the end of the file.","    var tagReadersAtFileStart = [];","    var tagReadersAtFileEnd = [];","    var fileSize = fileReader.getSize();","","    for (var i = 0; i < mediaTagReaders.length; i++) {","      var range = mediaTagReaders[i].getTagIdentifierByteRange();","      if (!isRangeValid(range, fileSize)) {","        continue;","      }","","      if (range.offset >= 0 && range.offset < fileSize / 2 || range.offset < 0 && range.offset < -fileSize / 2) {","        tagReadersAtFileStart.push(mediaTagReaders[i]);","      } else {","        tagReadersAtFileEnd.push(mediaTagReaders[i]);","      }","    }","","    var tagsLoaded = false;","    var loadTagIdentifiersCallbacks = {","      onSuccess: function () {","        if (!tagsLoaded) {","          // We're expecting to load two sets of tag identifiers. This flag","          // indicates when the first one has been loaded.","          tagsLoaded = true;","          return;","        }","","        for (var i = 0; i < mediaTagReaders.length; i++) {","          var range = mediaTagReaders[i].getTagIdentifierByteRange();","          if (!isRangeValid(range, fileSize)) {","            continue;","          }","","          try {","            var tagIndentifier = fileReader.getBytesAt(range.offset >= 0 ? range.offset : range.offset + fileSize, range.length);","          } catch (ex) {","            if (callbacks.onError) {","              callbacks.onError({","                \"type\": \"fileReader\",","                \"info\": ex.message","              });","              return;","            }","          }","","          if (mediaTagReaders[i].canReadTagFormat(tagIndentifier)) {","            callbacks.onSuccess(mediaTagReaders[i]);","            return;","          }","        }","","        if (callbacks.onError) {","          callbacks.onError({","            \"type\": \"tagFormat\",","            \"info\": \"No suitable tag reader found\"","          });","        }","      },","      onError: callbacks.onError","    };","","    this._loadTagIdentifierRanges(fileReader, tagReadersAtFileStart, loadTagIdentifiersCallbacks);","    this._loadTagIdentifierRanges(fileReader, tagReadersAtFileEnd, loadTagIdentifiersCallbacks);","  }","","  _loadTagIdentifierRanges(fileReader, tagReaders, callbacks) {","    if (tagReaders.length === 0) {","      // Force async","      setTimeout(callbacks.onSuccess, 1);","      return;","    }","","    var tagIdentifierRange = [Number.MAX_VALUE, 0];","    var fileSize = fileReader.getSize();","","    // Create a super set of all ranges so we can load them all at once.","    // Might need to rethink this approach if there are tag ranges too far","    // a part from each other. We're good for now though.","    for (var i = 0; i < tagReaders.length; i++) {","      var range = tagReaders[i].getTagIdentifierByteRange();","      var start = range.offset >= 0 ? range.offset : range.offset + fileSize;","      var end = start + range.length - 1;","","      tagIdentifierRange[0] = Math.min(start, tagIdentifierRange[0]);","      tagIdentifierRange[1] = Math.max(end, tagIdentifierRange[1]);","    }","","    fileReader.loadRange(tagIdentifierRange, callbacks);","  }","}","","class Config {","  static addFileReader(fileReader) {","    mediaFileReaders.push(fileReader);","    return Config;","  }","","  static addTagReader(tagReader) {","    mediaTagReaders.push(tagReader);","    return Config;","  }","","  static removeTagReader(tagReader) {","    var tagReaderIx = mediaTagReaders.indexOf(tagReader);","","    if (tagReaderIx >= 0) {","      mediaTagReaders.splice(tagReaderIx, 1);","    }","","    return Config;","  }","","  static EXPERIMENTAL_avoidHeadRequests() {","    XhrFileReader.setConfig({","      avoidHeadRequests: true","    });","  }","","  static setDisallowedXhrHeaders(disallowedXhrHeaders) {","    XhrFileReader.setConfig({","      disallowedXhrHeaders: disallowedXhrHeaders","    });","  }","","  static setXhrTimeoutInSec(timeoutInSec) {","    XhrFileReader.setConfig({","      timeoutInSec: timeoutInSec","    });","  }","}","","Config.addFileReader(XhrFileReader).addFileReader(BlobFileReader).addFileReader(ArrayFileReader).addTagReader(ID3v2TagReader).addTagReader(ID3v1TagReader).addTagReader(MP4TagReader);","","if (typeof process !== \"undefined\") {","  Config.addFileReader(NodeFileReader);","}","","module.exports = {","  \"read\": read,","  \"Reader\": Reader,","  \"Config\": Config","};"],"l":{"3":1,"4":1,"5":1,"6":1,"7":1,"8":1,"9":1,"10":1,"11":1,"13":1,"14":1,"16":1,"17":0,"20":1,"21":0,"23":0,"25":0,"31":0,"35":0,"36":0,"40":0,"41":0,"45":0,"46":0,"50":0,"51":0,"52":0,"54":0,"56":0,"58":0,"68":0,"69":0,"71":0,"76":0,"77":0,"78":0,"82":0,"86":0,"87":0,"88":0,"89":0,"92":0,"107":0,"108":0,"109":0,"111":0,"112":0,"113":0,"114":0,"117":0,"118":0,"120":0,"124":0,"125":0,"127":0,"130":0,"131":0,"134":0,"135":0,"136":0,"137":0,"140":0,"141":0,"143":0,"144":0,"148":0,"152":0,"153":0,"154":0,"158":0,"159":0,"168":0,"169":0,"173":0,"175":0,"176":0,"179":0,"180":0,"185":0,"186":0,"187":0,"188":0,"190":0,"191":0,"194":0,"200":4,"201":4,"205":3,"206":3,"210":0,"212":0,"213":0,"216":0,"220":0,"226":0,"232":0,"238":1,"240":1,"241":1,"244":1}},"/home/travis/build/npmtest/node-npmtest-jsmediatags/node_modules/jsmediatags/build2/MediaFileReader.js":{"path":"/home/travis/build/npmtest/node-npmtest-jsmediatags/node_modules/jsmediatags/build2/MediaFileReader.js","s":{"1":1,"2":0,"3":0,"4":0,"5":0,"6":0,"7":0,"8":0,"9":0,"10":0,"11":0,"12":0,"13":0,"14":0,"15":0,"16":0,"17":0,"18":0,"19":0,"20":0,"21":0,"22":0,"23":0,"24":0,"25":0,"26":0,"27":0,"28":0,"29":0,"30":0,"31":0,"32":0,"33":0,"34":0,"35":0,"36":0,"37":0,"38":0,"39":0,"40":0,"41":0,"42":0,"43":0,"44":0,"45":0,"46":0,"47":0,"48":0,"49":0,"50":0,"51":0,"52":0,"53":0,"54":0,"55":0,"56":0,"57":0,"58":0,"59":0,"60":0,"61":0,"62":0,"63":0,"64":0,"65":0,"66":0,"67":0,"68":0,"69":0,"70":1},"b":{"1":[0,0],"2":[0,0],"3":[0,0],"4":[0,0],"5":[0,0],"6":[0,0],"7":[0,0],"8":[0,0],"9":[0,0],"10":[0,0],"11":[0,0],"12":[0,0,0,0,0],"13":[0,0]},"f":{"1":0,"2":0,"3":0,"4":0,"5":0,"6":0,"7":0,"8":0,"9":0,"10":0,"11":0,"12":0,"13":0,"14":0,"15":0,"16":0,"17":0,"18":0,"19":0,"20":0},"fnMap":{"1":{"name":"(anonymous_1)","line":7,"loc":{"start":{"line":7,"column":13},"end":{"line":7,"column":16}}},"2":{"name":"(anonymous_2)","line":15,"loc":{"start":{"line":15,"column":20},"end":{"line":15,"column":27}}},"3":{"name":"(anonymous_3)","line":23,"loc":{"start":{"line":23,"column":6},"end":{"line":23,"column":18}}},"4":{"name":"(anonymous_4)","line":30,"loc":{"start":{"line":30,"column":19},"end":{"line":30,"column":31}}},"5":{"name":"(anonymous_5)","line":39,"loc":{"start":{"line":39,"column":7},"end":{"line":39,"column":19}}},"6":{"name":"(anonymous_6)","line":47,"loc":{"start":{"line":47,"column":11},"end":{"line":47,"column":30}}},"7":{"name":"(anonymous_7)","line":54,"loc":{"start":{"line":54,"column":9},"end":{"line":54,"column":12}}},"8":{"name":"(anonymous_8)","line":62,"loc":{"start":{"line":62,"column":11},"end":{"line":62,"column":20}}},"9":{"name":"(anonymous_9)","line":66,"loc":{"start":{"line":66,"column":12},"end":{"line":66,"column":29}}},"10":{"name":"(anonymous_10)","line":74,"loc":{"start":{"line":74,"column":12},"end":{"line":74,"column":26}}},"11":{"name":"(anonymous_11)","line":79,"loc":{"start":{"line":79,"column":12},"end":{"line":79,"column":21}}},"12":{"name":"(anonymous_12)","line":88,"loc":{"start":{"line":88,"column":12},"end":{"line":88,"column":34}}},"13":{"name":"(anonymous_13)","line":96,"loc":{"start":{"line":96,"column":13},"end":{"line":96,"column":35}}},"14":{"name":"(anonymous_14)","line":105,"loc":{"start":{"line":105,"column":11},"end":{"line":105,"column":33}}},"15":{"name":"(anonymous_15)","line":120,"loc":{"start":{"line":120,"column":12},"end":{"line":120,"column":34}}},"16":{"name":"(anonymous_16)","line":130,"loc":{"start":{"line":130,"column":16},"end":{"line":130,"column":38}}},"17":{"name":"(anonymous_17)","line":144,"loc":{"start":{"line":144,"column":13},"end":{"line":144,"column":30}}},"18":{"name":"(anonymous_18)","line":152,"loc":{"start":{"line":152,"column":24},"end":{"line":152,"column":50}}},"19":{"name":"(anonymous_19)","line":175,"loc":{"start":{"line":175,"column":11},"end":{"line":175,"column":20}}},"20":{"name":"(anonymous_20)","line":185,"loc":{"start":{"line":185,"column":25},"end":{"line":185,"column":34}}}},"statementMap":{"1":{"start":{"line":3,"column":0},"end":{"line":3,"column":45}},"2":{"start":{"line":8,"column":4},"end":{"line":8,"column":32}},"3":{"start":{"line":9,"column":4},"end":{"line":9,"column":19}},"4":{"start":{"line":16,"column":4},"end":{"line":16,"column":59}},"5":{"start":{"line":24,"column":4},"end":{"line":24,"column":20}},"6":{"start":{"line":26,"column":4},"end":{"line":36,"column":5}},"7":{"start":{"line":27,"column":6},"end":{"line":27,"column":41}},"8":{"start":{"line":29,"column":6},"end":{"line":35,"column":9}},"9":{"start":{"line":31,"column":10},"end":{"line":31,"column":37}},"10":{"start":{"line":32,"column":10},"end":{"line":32,"column":32}},"11":{"start":{"line":40,"column":4},"end":{"line":40,"column":52}},"12":{"start":{"line":48,"column":4},"end":{"line":48,"column":57}},"13":{"start":{"line":55,"column":4},"end":{"line":57,"column":5}},"14":{"start":{"line":56,"column":6},"end":{"line":56,"column":54}},"15":{"start":{"line":59,"column":4},"end":{"line":59,"column":22}},"16":{"start":{"line":63,"column":4},"end":{"line":63,"column":57}},"17":{"start":{"line":67,"column":4},"end":{"line":67,"column":34}},"18":{"start":{"line":68,"column":4},"end":{"line":70,"column":5}},"19":{"start":{"line":69,"column":6},"end":{"line":69,"column":44}},"20":{"start":{"line":71,"column":4},"end":{"line":71,"column":17}},"21":{"start":{"line":75,"column":4},"end":{"line":75,"column":39}},"22":{"start":{"line":76,"column":4},"end":{"line":76,"column":35}},"23":{"start":{"line":80,"column":4},"end":{"line":80,"column":39}},"24":{"start":{"line":81,"column":4},"end":{"line":85,"column":5}},"25":{"start":{"line":82,"column":6},"end":{"line":82,"column":25}},"26":{"start":{"line":84,"column":6},"end":{"line":84,"column":19}},"27":{"start":{"line":89,"column":4},"end":{"line":89,"column":151}},"28":{"start":{"line":90,"column":4},"end":{"line":92,"column":5}},"29":{"start":{"line":91,"column":6},"end":{"line":91,"column":22}},"30":{"start":{"line":93,"column":4},"end":{"line":93,"column":18}},"31":{"start":{"line":97,"column":4},"end":{"line":97,"column":55}},"32":{"start":{"line":98,"column":4},"end":{"line":102,"column":5}},"33":{"start":{"line":99,"column":6},"end":{"line":99,"column":29}},"34":{"start":{"line":101,"column":6},"end":{"line":101,"column":21}},"35":{"start":{"line":106,"column":4},"end":{"line":109,"column":44}},"36":{"start":{"line":111,"column":4},"end":{"line":111,"column":142}},"37":{"start":{"line":113,"column":4},"end":{"line":115,"column":5}},"38":{"start":{"line":114,"column":6},"end":{"line":114,"column":26}},"39":{"start":{"line":117,"column":4},"end":{"line":117,"column":17}},"40":{"start":{"line":121,"column":4},"end":{"line":121,"column":53}},"41":{"start":{"line":123,"column":4},"end":{"line":127,"column":5}},"42":{"start":{"line":124,"column":6},"end":{"line":124,"column":33}},"43":{"start":{"line":126,"column":6},"end":{"line":126,"column":20}},"44":{"start":{"line":131,"column":4},"end":{"line":133,"column":44}},"45":{"start":{"line":135,"column":4},"end":{"line":135,"column":113}},"46":{"start":{"line":137,"column":4},"end":{"line":139,"column":5}},"47":{"start":{"line":138,"column":6},"end":{"line":138,"column":27}},"48":{"start":{"line":141,"column":4},"end":{"line":141,"column":20}},"49":{"start":{"line":145,"column":4},"end":{"line":145,"column":20}},"50":{"start":{"line":146,"column":4},"end":{"line":148,"column":5}},"51":{"start":{"line":147,"column":6},"end":{"line":147,"column":57}},"52":{"start":{"line":149,"column":4},"end":{"line":149,"column":27}},"53":{"start":{"line":153,"column":4},"end":{"line":153,"column":48}},"54":{"start":{"line":154,"column":4},"end":{"line":154,"column":15}},"55":{"start":{"line":156,"column":4},"end":{"line":170,"column":5}},"56":{"start":{"line":160,"column":8},"end":{"line":160,"column":76}},"57":{"start":{"line":161,"column":8},"end":{"line":161,"column":14}},"58":{"start":{"line":164,"column":8},"end":{"line":164,"column":51}},"59":{"start":{"line":165,"column":8},
[...]
ine":199,"column":6},"end":{"line":199,"column":6}},{"start":{"line":199,"column":6},"end":{"line":199,"column":6}}]},"29":{"line":200,"type":"cond-expr","locations":[{"start":{"line":200,"column":65},"end":{"line":200,"column":66}},{"start":{"line":200,"column":69},"end":{"line":200,"column":70}}]},"30":{"line":201,"type":"cond-expr","locations":[{"start":{"line":201,"column":66},"end":{"line":201,"column":67}},{"start":{"line":201,"column":70},"end":{"line":201,"column":71}}]},"31":{"line":202,"type":"cond-expr","locations":[{"start":{"line":202,"column":52},"end":{"line":202,"column":53}},{"start":{"line":202,"column":56},"end":{"line":202,"column":57}}]},"32":{"line":203,"type":"cond-expr","locations":[{"start":{"line":203,"column":59},"end":{"line":203,"column":60}},{"start":{"line":203,"column":63},"end":{"line":203,"column":64}}]},"33":{"line":204,"type":"cond-expr","locations":[{"start":{"line":204,"column":53},"end":{"line":204,"column":54}},{"start":{"line":204,"column":57},"end":{"line":204,"column":58}}]},"34":{"line":205,"type":"cond-expr","locations":[{"start":{"line":205,"column":52},"end":{"line":205,"column":53}},{"start":{"line":205,"column":56},"end":{"line":205,"column":57}}]},"35":{"line":206,"type":"cond-expr","locations":[{"start":{"line":206,"column":59},"end":{"line":206,"column":60}},{"start":{"line":206,"column":63},"end":{"line":206,"column":64}}]},"36":{"line":207,"type":"cond-expr","locations":[{"start":{"line":207,"column":62},"end":{"line":207,"column":63}},{"start":{"line":207,"column":66},"end":{"line":207,"column":67}}]},"37":{"line":208,"type":"if","locations":[{"start":{"line":208,"column":8},"end":{"line":208,"column":8}},{"start":{"line":208,"column":8},"end":{"line":208,"column":8}}]},"38":{"line":217,"type":"cond-expr","locations":[{"start":{"line":217,"column":120},"end":{"line":217,"column":160}},{"start":{"line":217,"column":163},"end":{"line":217,"column":165}}]},"39":{"line":217,"type":"binary-expr","locations":[{"start":{"line":217,"column":53},"end":{"line":217,"column":58}},{"start":{"line":217,"column":62},"end":{"line":217,"column":96}},{"start":{"line":217,"column":100},"end":{"line":217,"column":117}}]},"40":{"line":236,"type":"if","locations":[{"start":{"line":236,"column":6},"end":{"line":236,"column":6}},{"start":{"line":236,"column":6},"end":{"line":236,"column":6}}]},"41":{"line":237,"type":"if","locations":[{"start":{"line":237,"column":8},"end":{"line":237,"column":8}},{"start":{"line":237,"column":8},"end":{"line":237,"column":8}}]},"42":{"line":253,"type":"if","locations":[{"start":{"line":253,"column":4},"end":{"line":253,"column":4}},{"start":{"line":253,"column":4},"end":{"line":253,"column":4}}]},"43":{"line":258,"type":"if","locations":[{"start":{"line":258,"column":11},"end":{"line":258,"column":11}},{"start":{"line":258,"column":11},"end":{"line":258,"column":11}}]},"44":{"line":272,"type":"if","locations":[{"start":{"line":272,"column":4},"end":{"line":272,"column":4}},{"start":{"line":272,"column":4},"end":{"line":272,"column":4}}]},"45":{"line":274,"type":"cond-expr","locations":[{"start":{"line":274,"column":34},"end":{"line":274,"column":35}},{"start":{"line":274,"column":38},"end":{"line":274,"column":40}}]},"46":{"line":277,"type":"if","locations":[{"start":{"line":277,"column":8},"end":{"line":277,"column":8}},{"start":{"line":277,"column":8},"end":{"line":277,"column":8}}]},"47":{"line":284,"type":"if","locations":[{"start":{"line":284,"column":6},"end":{"line":284,"column":6}},{"start":{"line":284,"column":6},"end":{"line":284,"column":6}}]}},"code":["/**"," * This is only used for testing, but could be used for other purposes as"," * writing."," *"," * http://id3.org/id3v2-00"," * http://id3.org/id3v2.3.0"," * http://id3.org/id3v2.4.0-structure"," *"," * TODO: Padding and Footer"," * "," */","'use strict';","","const ByteArrayUtils = require('./ByteArrayUtils');","const bin = ByteArrayUtils.bin;","const getSynchsafeInteger32 = ByteArrayUtils.getSynchsafeInteger32;","const getInteger32 = ByteArrayUtils.getInteger32;","const getInteger24 = ByteArrayUtils.getInteger24;","","// Offsets","const FLAGS = 5;","const SIZE = 6;","const EXTENDED_HEADER = 10;","const EXTENDED_FLAGS_V3 = 14;","const EXTENDED_FLAGS_V4 = 15;","const START_EXTENDED_DATA_V3 = 20;","const START_EXTENDED_DATA_V4 = 16;","// Sizes","const HEADER_SIZE = 10;","","class ID3v2TagContents {","","  constructor(major, revision) {","    if (major < 2 || major > 4) {","      throw new Error('Major version not supported');","    }","","    this._major = major;","    this._revision = revision;","    this._contents = [].concat(bin(\"ID3\"), [major, revision], [0], // flags","    [0, 0, 0, 0] // size","    );","    this._frames = {};","    this._updateSize();","    this._extendedHeader = {","      // key: length","      'UPDATE': 0,","      'CRC': 0,","      'RESTRICTIONS': 0","    };","  }","","  toArray() {","    return this._contents.slice(0);","  }","","  setFlags(flags) {","    var binaryFlags = 0;","","    if (flags.unsynchronisation) {","      binaryFlags |= 1 << 7;","    }","    if (flags.extended_header) {","      binaryFlags |= 1 << 6;","    }","    if (flags.experimental_indicator) {","      binaryFlags |= 1 << 5;","    }","    if (flags.footer_present) {","      binaryFlags |= 1 << 4;","    }","","    this._contents[FLAGS] = binaryFlags;","    return this;","  }","","  setCrc(crc) {","    if (!this._hasExtendedHeader) {","      this._initExtendedHeader();","    }","","    if (this._major === 3) {","      this._setBitAtOffset(EXTENDED_FLAGS_V3, 7);","      this._setData(START_EXTENDED_DATA_V3, crc);","      this._extendedHeader['CRC'] = crc.length;","      // Update extended header size.","      this._setData(EXTENDED_HEADER, getInteger32(10));","    } else if (this._major === 4) {","      this._setBitAtOffset(EXTENDED_FLAGS_V4, 5);","      this._addExtendedHeaderData('CRC', crc);","    }","","    this._updateSize();","    return this;","  }","","  setTagIsUpdate() {","    if (!this._hasExtendedHeader) {","      this._initExtendedHeader();","    }","","    if (this._major === 4) {","      this._setBitAtOffset(EXTENDED_FLAGS_V4, 6);","      this._addExtendedHeaderData('UPDATE', []);","    }","","    return this;","  }","","  /**","   * For some applications it might be desired to restrict a tag in more","   * ways than imposed by the ID3v2 specification. Note that the","   * presence of these restrictions does not affect how the tag is","   * decoded, merely how it was restricted before encoding. If this flag","   * is set the tag is restricted as follows:","   *","   *    Flag data length       $01","   *    Restrictions           %ppqrrstt","   *","   * p - Tag size restrictions","    *   00   No more than 128 frames and 1 MB total tag size.","   *   01   No more than 64 frames and 128 KB total tag size.","   *   10   No more than 32 frames and 40 KB total tag size.","   *   11   No more than 32 frames and 4 KB total tag size.","   *","   * q - Text encoding restrictions","   *","   *   0    No restrictions","   *   1    Strings are only encoded with ISO-8859-1 [ISO-8859-1] or","   *        UTF-8 [UTF-8].","   *","   * r - Text fields size restrictions","   *","   *   00   No restrictions","   *   01   No string is longer than 1024 characters.","   *   10   No string is longer than 128 characters.","   *   11   No string is longer than 30 characters.","   *","   *   Note that nothing is said about how many bytes is used to","   *   represent those characters, since it is encoding dependent. If a","   *   text frame consists of more than one string, the sum of the","   *   strungs is restricted as stated.","   *","   * s - Image encoding restrictions","   *","   *   0   No restrictions","   *   1   Images are encoded only with PNG [PNG] or JPEG [JFIF].","   *","   * t - Image size restrictions","   *","   *   00  No restrictions","   *   01  All images are 256x256 pixels or smaller.","   *   10  All images are 64x64 pixels or smaller.","   *   11  All images are exactly 64x64 pixels, unless required","   *       otherwise.","   */","  setTagRestrictions(size, textEncoding, textSize, imageEncoding, imageSize) {","    if (!this._hasExtendedHeader) {","      this._initExtendedHeader();","    }","","    if (this._major === 4) {","      this._setBitAtOffset(EXTENDED_FLAGS_V4, 4);","      // 0x03 = 0b11","      this._addExtendedHeaderData('RESTRICTIONS', [(size & 0x3) << 6 | (textEncoding & 0x1) << 5 | (textSize & 0x3) << 3 | (imageEncoding & 0x1) << 2 | (imageSize & 0x3) << 1]);","    }","","    return this;","  }","","  /**","   * noFlagsDataLength - The data length if all flags were set to 0,","   *   for instance, the length before compression and unsynchronisation.","   *   This field is only needed when data_length_indicator flag is set.","   */","  addFrame(id, data, flags, noFlagsDataLength) {","    var size = 0;","    var frameFlags = [0, 0];","    if (flags) {","      flags.message = flags.message || {};","      flags.format = flags.format || {};","    }","    data = data || [];","","    if (this._major === 2) {","      size = getInteger24(data.length);","    } else if (this._major === 3) {","      size = getInteger32(data.length);","      if (flags) {","        frameFlags[0] |= (flags.message.tag_alter_preservation ? 1 : 0) << 7;","        frameFlags[0] |= (flags.message.file_alter_preservation ? 1 : 0) << 6;","        frameFlags[0] |= (flags.message.read_only ? 1 : 0) << 5;","        frameFlags[1] |= (flags.format.compression ? 1 : 0) << 7;","        frameFlags[1] |= (flags.format.encryption ? 1 : 0) << 6;","        frameFlags[1] |= (flags.format.grouping_identify ? 1 : 0) << 5;","      }","    } else if (this._major === 4) {","      var dataLength = data.length;","      if (flags) {","        frameFlags[0] |= (flags.message.tag_alter_preservation ? 1 : 0) << 6;","        frameFlags[0] |= (flags.message.file_alter_preservation ? 1 : 0) << 5;","        frameFlags[0] |= (flags.message.read_only ? 1 : 0) << 4;","        frameFlags[1] |= (flags.format.grouping_identify ? 1 : 0) << 6;","        frameFlags[1] |= (flags.format.compression ? 1 : 0) << 3;","        frameFlags[1] |= (flags.format.encryption ? 1 : 0) << 2;","        frameFlags[1] |= (flags.format.unsynchronisation ? 1 : 0) << 1;","        frameFlags[1] |= flags.format.data_length_indicator ? 1 : 0;","        if (flags.format.data_length_indicator) {","          dataLength += 4;","        }","      }","      size = getSynchsafeInteger32(dataLength);","    } else {","      throw Error(\"Major version not supported\");","    }","","    var frame = [].concat(bin(id), size, frameFlags, flags && flags.format.data_length_indicator && noFlagsDataLength ? getSynchsafeInteger32(noFlagsDataLength) : [], data);","    this._frames[id] = frame;","    this._addData(this._nextFrameOffset, frame);","","    this._updateSize();","    return this;","  }","","  _addExtendedHeaderData(tagKey, tagData) {","    var offset = START_EXTENDED_DATA_V4;","","    // Each flag that is set in the extended header has data attached, which","    // comes in the order in which the flags are encountered (i.e. the data","    // for flag 'b' comes before the data for flag 'c').","    // _extendedHeader keeps track of which tag data we have by storing the","    // size of the data. To know where to add a particular tag data we just need","    // to sum all the data lengths of the tags that come before this tagKey","    // because the keys in the map are in order.","    for (var key in this._extendedHeader) {","      if (this._extendedHeader.hasOwnProperty(key)) {","        if (key === tagKey) {","          break;","        } else {","          offset += this._extendedHeader[key];","        }","      }","    }","","    var data = [tagData.length].concat(tagData);","    this._extendedHeader[tagKey] = data.length;","    this._addData(offset, data);","  }","","  _initExtendedHeader() {","    this._hasExtendedHeader = true;","","    if (this._major === 3) {","      this._addData(EXTENDED_HEADER, [0, 0, 0, 6, // size","      0, 0, // flags","      0, 0, 0, 0 // padding","      ]);","    } else if (this._major === 4) {","      this._addData(EXTENDED_HEADER, [].concat(getSynchsafeInteger32(6), // size","      [1], // number of flag bytes","      [0] // extended flags","      ));","    } else {","      throw new Error(\"Version doesn't support extended header.\");","    }","  }","","  _updateSize() {","    // Header (10 bytes) is not included in the size.","    var size = 0;","","    if (this._hasExtendedHeader) {","      // Extended header size","      size += this._major === 4 ? 6 : 10;","      // Extended header data size","      for (var key in this._extendedHeader) {","        if (this._extendedHeader.hasOwnProperty(key)) {","          size += this._extendedHeader[key];","        }","      }","    }","","    for (var frameId in this._frames) {","      if (this._frames.hasOwnProperty(frameId)) {","        size += this._frames[frameId].length;","      }","    }","","    this._nextFrameOffset = size + HEADER_SIZE;","","    this._size = size;","    this._setData(SIZE, getSynchsafeInteger32(size));","  }","","  _setBitAtOffset(offset, bit) {","    var data = this._getData(offset, 1);","    data[0] |= 1 << bit;","    this._setData(offset, data);","  }","","  _getData(offset, length) {","    return this._contents.slice(offset, offset + length);","  }","","  _setData(offset, data) {","    this._contents.splice.apply(this._contents, [offset, data.length].concat(data));","  }","","  _addData(offset, data) {","    this._contents.splice.apply(this._contents, [offset, 0].concat(data));","  }","}","","module.exports = ID3v2TagContents;"],"l":{"14":1,"15":1,"16":1,"17":1,"18":1,"21":1,"22":1,"23":1,"24":1,"25":1,"26":1,"27":1,"29":1,"34":0,"35":0,"38":0,"39":0,"40":0,"43":0,"44":0,"45":0,"54":0,"58":0,"60":0,"61":0,"63":0,"64":0,"66":0,"67":0,"69":0,"70":0,"73":0,"74":0,"78":0,"79":0,"82":0,"83":0,"84":0,"85":0,"87":0,"88":0,"89":0,"90":0,"93":0,"94":0,"98":0,"99":0,"102":0,"103":0,"104":0,"107":0,"158":0,"159":0,"162":0,"163":0,"165":0,"168":0,"177":0,"178":0,"179":0,"180":0,"181":0,"183":0,"185":0,"186":0,"187":0,"188":0,"189":0,"190":0,"191":0,"192":0,"193":0,"194":0,"195":0,"197":0,"198":0,"199":0,"200":0,"201":0,"202":0,"203":0,"204":0,"205":0,"206":0,"207":0,"208":0,"209":0,"212":0,"214":0,"217":0,"218":0,"219":0,"221":0,"222":0,"226":0,"235":0,"236":0,"237":0,"238":0,"240":0,"245":0,"246":0,"247":0,"251":0,"253":0,"254":0,"258":0,"259":0,"264":0,"270":0,"272":0,"274":0,"276":0,"277":0,"278":0,"283":0,"284":0,"285":0,"289":0,"291":0,"292":0,"296":0,"297":0,"298":0,"302":0,"306":0,"310":0,"314":1}},"/home/travis/build/npmtest/node-npmtest-jsmediatags/node_modules/jsmediatags/build2/MP4TagContents.js":{"path":"/home/travis/build/npmtest/node-npmtest-jsmediatags/node_modules/jsmediatags/build2/MP4TagContents.js","s":{"1":1,"2":1,"3":1,"4":1,"5":0,"6":0,"7":0,"8":0,"9":0,"10":0,"11":0,"12":0,"13":0,"14":0,"15":0,"16":0,"17":0,"18":0,"19":1},"b":{"1":[0,0],"2":[0,0],"3":[0,0]},"f":{"1":0,"2":0,"3":0,"4":0,"5":0,"6":0,"7":0,"8":0,"9":0},"fnMap":{"1":{"name":"(anonymous_1)","line":18,"loc":{"start":{"line":18,"column":13},"end":{"line":18,"column":27}}},"2":{"name":"(anonymous_2)","line":22,"loc":{"start":{"line":22,"column":9},"end":{"line":22,"column":12}}},"3":{"name":"(anonymous_3)","line":23,"loc":{"start":{"line":23,"column":30},"end":{"line":23,"column":53}}},"4":{"name":"(anonymous_4)","line":28,"loc":{"start":{"line":28,"column":19},"end":{"line":28,"column":30}}},"5":{"name":"(anonymous_5)","line":32,"loc":{"start":{"line":32,"column":28},"end":{"line":32,"column":52}}},"6":{"name":"(anonymous_6)","line":36,"loc":{"start":{"line":36,"column":27},"end":{"line":36,"column":50}}},"7":{"name":"(anonymous_7)","line":53,"loc":{"start":{"line":53,"column":13},"end":{"line":53,"column":33}}},"8":{"name":"(anonymous_8)","line":59,"loc":{"start":{"line":59,"column":9},"end":{"line":59,"column":12}}},"9":{"name":"(anonymous_9)","line":60,"loc":{"start":{"line":60,"column":40},"end":{"line":60,"column":63}}}},"statementMap":{"1":{"start":{"line":11,"column":0},"end":{"line":11,"column":51}},"2":{"start":{"line":12,"column":0},"end":{"line":12,"column":31}},"3":{"start":{"line":13,"column":0},"end":{"line":13,"column":31}},"4":{"start":{"line":14,"column":0},"end":{"line":14,"column":49}},"5":{"start":{"line":19,"column":4},"end":{"line":19,"column":77}},"6":{"start":{"line":23,"column":4},"end":{"line":25,"column":11}},"7":{"start":{"line":24,"column":6},"end":{"line":24,"column":42}},"8":{"start":{"line":29,"column":4},"end":{"line":29,"column":30}},"9":{"start":{"line":33,"column":4},"end":{"line":33,"column":43}},"10":{"start":{"line":37,"column":4},"end":{"line":43,"column":12}},"11":{"start":{"line":45,"column":4},"end":{"line":47,"column":13}},"12":{"start":{"line":54,"column":4},"end":{"line":54,"column":22}},"13":{"start":{"line":55,"column":4},"end":{"line":55,"column":28}},"14":{"start":{"line":56,"column":4},"end":{"line":56,"column":30}},"15":{"start":{"line":60,"column":4},"end":{"line":62,"column":11}},"16":{"start":{"line":61,"column":6},"end":{"line":61,"column":42}},"17":{"start":{"line":63,"column":4},"end":{"line":63,"column":79}},"18":{"start":{"line":65,"column":4},"end":{"line":65,"column":84}},"19":{"start":{"line":69,"column":0},"end":{"line":69,"column":32}}},"branchMap":{"1":{"line":19,"type":"binary-expr","locations":[{"start":{"line":19,"column":64},"end":{"line":19,"column":69}},{"start":{"line":19,"column":73},"end":{"line":19,"column":75}}]},"2":{"line":55,"type":"binary-expr","locations":[{"start":{"line":55,"column":17},"end":{"line":55,"column":21}},{"start":{"line":55,"column":25},"end":{"line":55,"column":27}}]},"3":{"line":56,"type":"binary-expr","locations":[{"start":{"line":56,"column":18},"end":{"line":56,"column":23}},{"start":{"line":56,"column":27},"end":{"line":56,"column":29}}]}},"code":["/**"," * This is only used for testing, but could be used for other purposes as"," * writing."," *"," * http://atomicparsley.sourceforge.net/mpeg-4files.html"," *"," * "," */","'use strict';","","const ByteArrayUtils = require('./ByteArrayUtils');","const bin = ByteArrayUtils.bin;","const pad = ByteArrayUtils.pad;","const getInteger32 = ByteArrayUtils.getInteger32;","","class MP4TagContents {","","  constructor(ftyp, atoms) {","    this._atoms = [new Atom(\"ftyp\", pad(bin(ftyp), 24))].concat(atoms || []);","  }","","  toArray() {","    return this._atoms.reduce(function (array, atom) {","      return array.concat(atom.toArray());","    }, []);","  }","","  static createAtom(atomName) {","    return new Atom(atomName);","  }","","  static createContainerAtom(atomName, atoms, data) {","    return new Atom(atomName, data, atoms);","  }","","  static createMetadataAtom(atomName, type, data) {","    var klass = {","      \"uint8\": 0,","      \"uint8b\": 21, // Apple changed from 21 to 0 in latest versions","      \"text\": 1,","      \"jpeg\": 13,","      \"png\": 14","    }[type];","","    return this.createContainerAtom(atomName, [new Atom(\"data\", [].concat([0x00, 0x00, 0x00, klass], // 1 byte atom version + 3 byte atom flags","    [0x00, 0x00, 0x00, 0x00], // NULL space","    data))]);","  }","}","","class Atom {","","  constructor(name, data, atoms) {","    this._name = name;","    this._data = data || [];","    this._atoms = atoms || [];","  }","","  toArray() {","    var atomsArray = this._atoms.reduce(function (array, atom) {","      return array.concat(atom.toArray());","    }, []);","    var length = 4 + this._name.length + this._data.length + atomsArray.length;","","    return [].concat(getInteger32(length), bin(this._name), this._data, atomsArray);","  }","}","","module.exports = MP4TagContents;"],"l":{"11":1,"12":1,"13":1,"14":1,"19":0,"23":0,"24":0,"29":0,"33":0,"37":0,"45":0,"54":0,"55":0,"56":0,"60":0,"61":0,"63":0,"65":0,"69":1}}}